diff --git a/T1_Biowissenschaften/Briefe/Briefe_zu_Dokumenten/__contents__.xml b/home/gordon/backup182/db/projects/avhr/data/T1_Biowissenschaften/Briefe/Briefe_zu_Dokumenten/__contents__.xml
index 1ebd7a7..8a903bb 100644
--- a/T1_Biowissenschaften/Briefe/Briefe_zu_Dokumenten/__contents__.xml
+++ b/home/gordon/backup182/db/projects/avhr/data/T1_Biowissenschaften/Briefe/Briefe_zu_Dokumenten/__contents__.xml
@@ -1,6 +1,6 @@
 <collection xmlns="http://exist.sourceforge.net/NS/exist" name="/db/projects/avhr/data/T1_Biowissenschaften/Briefe/Briefe_zu_Dokumenten" version="1" owner="dumont" group="avhr-nutzer" mode="770" created="2018-09-13T20:36:28.317+02:00">
     <acl entries="0" version="1"/>
-    <resource type="XMLResource" name="1825_03_15_Arnott_an_Humboldt.xml" skip="no" owner="dumont" group="avhr-nutzer" mode="770" created="2018-09-13T20:36:28+02:00" modified="2019-09-09T01:43:02+02:00" filename="1825_03_15_Arnott_an_Humboldt.xml" mimetype="application/xml">
+    <resource type="XMLResource" name="1825_03_15_Arnott_an_Humboldt.xml" skip="no" owner="dumont" group="avhr-nutzer" mode="770" created="2018-09-13T20:36:28+02:00" modified="2019-09-09T01:43:02.649+02:00" filename="1825_03_15_Arnott_an_Humboldt.xml" mimetype="application/xml">
         <acl entries="0" version="1"/>
     </resource>
 </collection>
\ No newline at end of file
diff --git a/T1_Biowissenschaften/Briefe/Kunth/PflanzenfamilienTEST.xml b/home/gordon/backup182/db/projects/avhr/data/T1_Biowissenschaften/Briefe/Kunth/PflanzenfamilienTEST.xml
index c6841c8..a5cbcf7 100644
--- a/T1_Biowissenschaften/Briefe/Kunth/PflanzenfamilienTEST.xml
+++ b/home/gordon/backup182/db/projects/avhr/data/T1_Biowissenschaften/Briefe/Kunth/PflanzenfamilienTEST.xml
@@ -365,7 +365,7 @@
                 <p>[Classes nach Jussieu (Beispiel): <name type="plant"><?oxy_comment_start author="paessler" timestamp="20200114T104327+0100" comment="kein Treffer"?>Stamina
                         hypogyna</name><?oxy_comment_end?>] </p>
                 <p>Ordres nach Jussieu (Beispiel): <name type="plant"><?oxy_comment_start author="paessler" timestamp="20200114T103435+0100" comment="Palmae: Ordre/Ordo(= Familie) nach Jussieu, Treffer"?>Palmae<?oxy_comment_end?></name>,
-                        <name type="plant"><?oxy_comment_start author="paessler" timestamp="20200114T103755+0100" comment="kein Treffer"?>Bromeliae<?oxy_comment_end?></name>,
+                        <name type="plant"><?oxy_comment_start author="paessler" timestamp="20200114T103755+0100" comment="kein Treffer, bzw. Treffer als Genus"?>Bromeliae<?oxy_comment_end?></name>,
                         <name type="plant"><?oxy_comment_start author="paessler" timestamp="20200114T103804+0100" comment="kein Treffer"?>Narciss<?oxy_comment_end?>i</name>]</p>
                 <p>[<name type="plant"><?oxy_comment_start author="paessler" timestamp="20200114T104820+0100" comment="Tribus (Unterfamilie, DC), Treffer"?>Ranunculeae<?oxy_comment_end?></name>]</p>
                 <closer>
diff --git a/T1_Biowissenschaften/Briefe/Kunth/__contents__.xml b/home/gordon/backup182/db/projects/avhr/data/T1_Biowissenschaften/Briefe/Kunth/__contents__.xml
index 563754c..6d96eda 100644
--- a/T1_Biowissenschaften/Briefe/Kunth/__contents__.xml
+++ b/home/gordon/backup182/db/projects/avhr/data/T1_Biowissenschaften/Briefe/Kunth/__contents__.xml
@@ -1,6 +1,6 @@
 <collection xmlns="http://exist.sourceforge.net/NS/exist" name="/db/projects/avhr/data/T1_Biowissenschaften/Briefe/Kunth" version="1" owner="dumont" group="avhr-nutzer" mode="770" created="2018-09-13T20:36:28.489+02:00">
     <acl entries="0" version="1"/>
-    <resource type="XMLResource" name="1832-05-16n-aKunth.xml" skip="no" owner="dumont" group="avhr-nutzer" mode="770" created="2018-09-13T20:36:28+02:00" modified="2019-05-27T17:33:45+02:00" filename="1832-05-16n-aKunth.xml" mimetype="application/xml">
+    <resource type="XMLResource" name="1832-05-16n-aKunth.xml" skip="no" owner="dumont" group="avhr-nutzer" mode="770" created="2018-09-13T20:36:28+02:00" modified="2019-05-27T17:33:45.921+02:00" filename="1832-05-16n-aKunth.xml" mimetype="application/xml">
         <acl entries="0" version="1"/>
     </resource>
     <resource type="XMLResource" name="1845-07-08v-aKunth.xml" skip="no" owner="dumont" group="avhr-nutzer" mode="770" created="2018-09-13T20:36:28+02:00" modified="2019-04-30T17:29:11+02:00" filename="1845-07-08v-aKunth.xml" mimetype="application/xml">
@@ -9,7 +9,7 @@
     <resource type="XMLResource" name="1850-03-22v-1-aA.Kunth.xml" skip="no" owner="dumont" group="avhr-nutzer" mode="770" created="2018-09-13T20:36:28+02:00" modified="2019-04-30T17:29:12+02:00" filename="1850-03-22v-1-aA.Kunth.xml" mimetype="application/xml">
         <acl entries="0" version="1"/>
     </resource>
-    <resource type="XMLResource" name="1849-02-01-vKunth.xml" skip="no" owner="dumont" group="avhr-nutzer" mode="770" created="2018-09-13T20:36:28+02:00" modified="2020-01-22T17:38:36+01:00" filename="1849-02-01-vKunth.xml" mimetype="application/xml">
+    <resource type="XMLResource" name="1849-02-01-vKunth.xml" skip="no" owner="dumont" group="avhr-nutzer" mode="770" created="2018-09-13T20:36:28+02:00" modified="2020-01-22T17:38:36.601+01:00" filename="1849-02-01-vKunth.xml" mimetype="application/xml">
         <acl entries="0" version="1"/>
     </resource>
     <resource type="XMLResource" name="1850-03-22v-3-aA.Kunth.xml" skip="no" owner="dumont" group="avhr-nutzer" mode="770" created="2018-09-13T20:36:28+02:00" modified="2019-03-25T15:34:34+01:00" filename="1850-03-22v-3-aA.Kunth.xml" mimetype="application/xml">
@@ -33,10 +33,10 @@
     <resource type="XMLResource" name="1842-05-03n-aKunth.xml" skip="no" owner="dumont" group="avhr-nutzer" mode="770" created="2018-09-13T20:36:28+02:00" modified="2019-04-29T11:50:54+02:00" filename="1842-05-03n-aKunth.xml" mimetype="application/xml">
         <acl entries="0" version="1"/>
     </resource>
-    <resource type="XMLResource" name="1846-12-19n-aKunth.xml" skip="no" owner="dumont" group="avhr-nutzer" mode="770" created="2018-09-13T20:36:28+02:00" modified="2019-11-08T14:21:08+01:00" filename="1846-12-19n-aKunth.xml" mimetype="application/xml">
+    <resource type="XMLResource" name="1846-12-19n-aKunth.xml" skip="no" owner="dumont" group="avhr-nutzer" mode="770" created="2018-09-13T20:36:28+02:00" modified="2019-11-08T14:21:08.981+01:00" filename="1846-12-19n-aKunth.xml" mimetype="application/xml">
         <acl entries="0" version="1"/>
     </resource>
-    <resource type="XMLResource" name="1849-01-13-vKunth.xml" skip="no" owner="dumont" group="avhr-nutzer" mode="770" created="2018-09-13T20:36:28+02:00" modified="2020-01-23T16:26:12+01:00" filename="1849-01-13-vKunth.xml" mimetype="application/xml">
+    <resource type="XMLResource" name="1849-01-13-vKunth.xml" skip="no" owner="dumont" group="avhr-nutzer" mode="770" created="2018-09-13T20:36:28+02:00" modified="2020-01-23T16:26:12.484+01:00" filename="1849-01-13-vKunth.xml" mimetype="application/xml">
         <acl entries="0" version="1"/>
     </resource>
     <resource type="XMLResource" name="1828-00-00f-aKunth.xml" skip="no" owner="dumont" group="avhr-nutzer" mode="770" created="2018-09-13T20:36:28+02:00" modified="2019-04-30T17:25:32+02:00" filename="1828-00-00f-aKunth.xml" mimetype="application/xml">
@@ -72,10 +72,10 @@
     <resource type="XMLResource" name="1845-09-25-aKunth.xml" skip="no" owner="dumont" group="avhr-nutzer" mode="770" created="2018-09-13T20:36:28+02:00" modified="2019-04-30T17:29:11+02:00" filename="1845-09-25-aKunth.xml" mimetype="application/xml">
         <acl entries="0" version="1"/>
     </resource>
-    <resource type="XMLResource" name="1813-04-27-aKunth.xml" skip="no" owner="dumont" group="avhr-nutzer" mode="770" created="2018-09-13T20:36:28+02:00" modified="2019-08-29T15:23:20+02:00" filename="1813-04-27-aKunth.xml" mimetype="application/xml">
+    <resource type="XMLResource" name="1813-04-27-aKunth.xml" skip="no" owner="dumont" group="avhr-nutzer" mode="770" created="2018-09-13T20:36:28+02:00" modified="2019-08-29T15:23:20.478+02:00" filename="1813-04-27-aKunth.xml" mimetype="application/xml">
         <acl entries="0" version="1"/>
     </resource>
-    <resource type="XMLResource" name="1848-11-24-aKunth.xml" skip="no" owner="dumont" group="avhr-nutzer" mode="770" created="2018-09-13T20:36:28+02:00" modified="2019-12-10T15:22:08+01:00" filename="1848-11-24-aKunth.xml" mimetype="application/xml">
+    <resource type="XMLResource" name="1848-11-24-aKunth.xml" skip="no" owner="dumont" group="avhr-nutzer" mode="770" created="2018-09-13T20:36:28+02:00" modified="2019-12-10T15:22:08.06+01:00" filename="1848-11-24-aKunth.xml" mimetype="application/xml">
         <acl entries="0" version="1"/>
     </resource>
     <resource type="XMLResource" name="1846-11-14-aKunth.xml" skip="no" owner="dumont" group="avhr-nutzer" mode="770" created="2018-09-13T20:36:28+02:00" modified="2019-04-30T17:29:11+02:00" filename="1846-11-14-aKunth.xml" mimetype="application/xml">
@@ -84,10 +84,10 @@
     <resource type="XMLResource" name="1838-08-14v-aKunth.xml" skip="no" owner="dumont" group="avhr-nutzer" mode="770" created="2018-09-13T20:36:28+02:00" modified="2019-04-30T17:27:26+02:00" filename="1838-08-14v-aKunth.xml" mimetype="application/xml">
         <acl entries="0" version="1"/>
     </resource>
-    <resource type="XMLResource" name="1846-03-20v-aKunth.xml" skip="no" owner="dumont" group="avhr-nutzer" mode="770" created="2018-09-13T20:36:28+02:00" modified="2019-11-08T14:21:56+01:00" filename="1846-03-20v-aKunth.xml" mimetype="application/xml">
+    <resource type="XMLResource" name="1846-03-20v-aKunth.xml" skip="no" owner="dumont" group="avhr-nutzer" mode="770" created="2018-09-13T20:36:28+02:00" modified="2019-11-08T14:21:56.743+01:00" filename="1846-03-20v-aKunth.xml" mimetype="application/xml">
         <acl entries="0" version="1"/>
     </resource>
-    <resource type="XMLResource" name="1849-01-11-aKunth.xml" skip="no" owner="dumont" group="avhr-nutzer" mode="770" created="2018-09-13T20:36:28+02:00" modified="2020-01-23T15:03:31+01:00" filename="1849-01-11-aKunth.xml" mimetype="application/xml">
+    <resource type="XMLResource" name="1849-01-11-aKunth.xml" skip="no" owner="dumont" group="avhr-nutzer" mode="770" created="2018-09-13T20:36:28+02:00" modified="2020-01-23T15:03:31.042+01:00" filename="1849-01-11-aKunth.xml" mimetype="application/xml">
         <acl entries="0" version="1"/>
     </resource>
     <resource type="XMLResource" name="1833-03-26-aKunth.xml" skip="no" owner="dumont" group="avhr-nutzer" mode="770" created="2018-09-13T20:36:28+02:00" modified="2019-04-17T11:35:39+02:00" filename="1833-03-26-aKunth.xml" mimetype="application/xml">
@@ -96,7 +96,7 @@
     <resource type="XMLResource" name="1845-12-06n-aKunth.xml" skip="no" owner="dumont" group="avhr-nutzer" mode="770" created="2018-09-13T20:36:28+02:00" modified="2019-04-30T17:29:11+02:00" filename="1845-12-06n-aKunth.xml" mimetype="application/xml">
         <acl entries="0" version="1"/>
     </resource>
-    <resource type="XMLResource" name="1849-12-09-aKunth.xml" skip="no" owner="dumont" group="avhr-nutzer" mode="770" created="2018-09-13T20:36:28+02:00" modified="2019-07-29T15:36:38+02:00" filename="1849-12-09-aKunth.xml" mimetype="application/xml">
+    <resource type="XMLResource" name="1849-12-09-aKunth.xml" skip="no" owner="dumont" group="avhr-nutzer" mode="770" created="2018-09-13T20:36:28+02:00" modified="2019-07-29T15:36:38.522+02:00" filename="1849-12-09-aKunth.xml" mimetype="application/xml">
         <acl entries="0" version="1"/>
     </resource>
     <resource type="XMLResource" name="1846_04_23_a_Kunth.xml" skip="no" owner="dumont" group="avhr-nutzer" mode="770" created="2018-09-13T20:36:28+02:00" modified="2019-03-22T17:52:53+01:00" filename="1846_04_23_a_Kunth.xml" mimetype="application/xml">
@@ -114,7 +114,7 @@
     <resource type="XMLResource" name="1833-07-08-aKunth.xml" skip="no" owner="dumont" group="avhr-nutzer" mode="770" created="2018-09-13T20:36:28+02:00" modified="2019-04-30T17:26:30+02:00" filename="1833-07-08-aKunth.xml" mimetype="application/xml">
         <acl entries="0" version="1"/>
     </resource>
-    <resource type="XMLResource" name="1844-04-14-aKunth.xml" skip="no" owner="dumont" group="avhr-nutzer" mode="770" created="2018-09-13T20:36:28+02:00" modified="2019-07-18T11:18:24+02:00" filename="1844-04-14-aKunth.xml" mimetype="application/xml">
+    <resource type="XMLResource" name="1844-04-14-aKunth.xml" skip="no" owner="dumont" group="avhr-nutzer" mode="770" created="2018-09-13T20:36:28+02:00" modified="2019-07-18T11:18:24.589+02:00" filename="1844-04-14-aKunth.xml" mimetype="application/xml">
         <acl entries="0" version="1"/>
     </resource>
     <resource type="XMLResource" name="1844-09-19-aKunth.xml" skip="no" owner="dumont" group="avhr-nutzer" mode="770" created="2018-09-13T20:36:28+02:00" modified="2019-04-30T17:29:11+02:00" filename="1844-09-19-aKunth.xml" mimetype="application/xml">
@@ -123,7 +123,7 @@
     <resource type="XMLResource" name="1849-01-01n-2-aKunth.xml" skip="no" owner="dumont" group="avhr-nutzer" mode="770" created="2018-09-13T20:36:28+02:00" modified="2019-05-08T15:40:36+02:00" filename="1849-01-01n-2-aKunth.xml" mimetype="application/xml">
         <acl entries="0" version="1"/>
     </resource>
-    <resource type="XMLResource" name="1844-08-26n-aKunth.xml" skip="no" owner="dumont" group="avhr-nutzer" mode="770" created="2018-09-13T20:36:28+02:00" modified="2019-11-07T20:13:34+01:00" filename="1844-08-26n-aKunth.xml" mimetype="application/xml">
+    <resource type="XMLResource" name="1844-08-26n-aKunth.xml" skip="no" owner="dumont" group="avhr-nutzer" mode="770" created="2018-09-13T20:36:28+02:00" modified="2019-11-07T20:13:34.43+01:00" filename="1844-08-26n-aKunth.xml" mimetype="application/xml">
         <acl entries="0" version="1"/>
     </resource>
     <resource type="XMLResource" name="1833-12-16v-aKunth.xml" skip="no" owner="dumont" group="avhr-nutzer" mode="770" created="2018-09-13T20:36:28+02:00" modified="2019-04-30T17:26:42+02:00" filename="1833-12-16v-aKunth.xml" mimetype="application/xml">
@@ -168,7 +168,7 @@
     <resource type="XMLResource" name="1846-06-28-aKunth.xml" skip="no" owner="dumont" group="avhr-nutzer" mode="770" created="2018-09-13T20:36:28+02:00" modified="2019-04-30T17:29:11+02:00" filename="1846-06-28-aKunth.xml" mimetype="application/xml">
         <acl entries="0" version="1"/>
     </resource>
-    <resource type="XMLResource" name="1849-01-01n-1-aKunth.xml" skip="no" owner="dumont" group="avhr-nutzer" mode="770" created="2018-09-13T20:36:28+02:00" modified="2020-01-22T17:53:20+01:00" filename="1849-01-01n-1-aKunth.xml" mimetype="application/xml">
+    <resource type="XMLResource" name="1849-01-01n-1-aKunth.xml" skip="no" owner="dumont" group="avhr-nutzer" mode="770" created="2018-09-13T20:36:28+02:00" modified="2020-01-22T17:53:20.544+01:00" filename="1849-01-01n-1-aKunth.xml" mimetype="application/xml">
         <acl entries="0" version="1"/>
     </resource>
     <resource type="XMLResource" name="1844-11-03v-aKunth.xml" skip="no" owner="dumont" group="avhr-nutzer" mode="770" created="2018-09-13T20:36:28+02:00" modified="2019-04-30T17:29:11+02:00" filename="1844-11-03v-aKunth.xml" mimetype="application/xml">
@@ -183,7 +183,7 @@
     <resource type="XMLResource" name="1827-07-17-aKunth.xml" skip="no" owner="dumont" group="avhr-nutzer" mode="770" created="2018-09-13T20:36:28+02:00" modified="2019-04-30T17:24:54+02:00" filename="1827-07-17-aKunth.xml" mimetype="application/xml">
         <acl entries="0" version="1"/>
     </resource>
-    <resource type="XMLResource" name="1848-11-24n-vKunth.xml" skip="no" owner="dumont" group="avhr-nutzer" mode="770" created="2018-09-13T20:36:28+02:00" modified="2020-01-23T09:44:39+01:00" filename="1848-11-24n-vKunth.xml" mimetype="application/xml">
+    <resource type="XMLResource" name="1848-11-24n-vKunth.xml" skip="no" owner="dumont" group="avhr-nutzer" mode="770" created="2018-09-13T20:36:28+02:00" modified="2020-01-23T09:44:39.541+01:00" filename="1848-11-24n-vKunth.xml" mimetype="application/xml">
         <acl entries="0" version="1"/>
     </resource>
     <resource type="XMLResource" name="1835-07-12v-aKunth.xml" skip="no" owner="dumont" group="avhr-nutzer" mode="770" created="2018-09-13T20:36:28+02:00" modified="2019-04-30T17:27:09+02:00" filename="1835-07-12v-aKunth.xml" mimetype="application/xml">
@@ -192,7 +192,7 @@
     <resource type="XMLResource" name="1850-03-22v-aKunth.xml" skip="no" owner="dumont" group="avhr-nutzer" mode="770" created="2018-09-13T20:36:28+02:00" modified="2019-04-30T17:29:12+02:00" filename="1850-03-22v-aKunth.xml" mimetype="application/xml">
         <acl entries="0" version="1"/>
     </resource>
-    <resource type="XMLResource" name="PflanzenfamilienTEST.xml" skip="no" owner="avhr_paessler" group="avhr-nutzer" mode="660" created="2019-12-10T15:25:41+01:00" modified="2020-01-14T10:48:40+01:00" filename="PflanzenfamilienTEST.xml" mimetype="application/xml">
+    <resource type="XMLResource" name="PflanzenfamilienTEST.xml" skip="no" owner="avhr_paessler" group="avhr-nutzer" mode="660" created="2019-12-10T15:25:41.024+01:00" modified="2020-01-28T10:56:50.618+01:00" filename="PflanzenfamilienTEST.xml" mimetype="application/xml">
         <acl entries="0" version="1"/>
     </resource>
 </collection>
\ No newline at end of file
diff --git a/T1_Biowissenschaften/Briefe/Meyen/__contents__.xml b/home/gordon/backup182/db/projects/avhr/data/T1_Biowissenschaften/Briefe/Meyen/__contents__.xml
index 31978c9..d4e9367 100644
--- a/T1_Biowissenschaften/Briefe/Meyen/__contents__.xml
+++ b/home/gordon/backup182/db/projects/avhr/data/T1_Biowissenschaften/Briefe/Meyen/__contents__.xml
@@ -6,7 +6,7 @@
     <resource type="XMLResource" name="1830-00-00_a_Meyen.xml" skip="no" owner="dumont" group="avhr-nutzer" mode="770" created="2018-09-13T20:36:28+02:00" modified="2019-04-17T11:31:45+02:00" filename="1830-00-00_a_Meyen.xml" mimetype="application/xml">
         <acl entries="0" version="1"/>
     </resource>
-    <resource type="XMLResource" name="1834-08-22v_a_Meyen.xml" skip="no" owner="dumont" group="avhr-nutzer" mode="770" created="2018-09-13T20:36:28+02:00" modified="2019-11-08T14:23:34+01:00" filename="1834-08-22v_a_Meyen.xml" mimetype="application/xml">
+    <resource type="XMLResource" name="1834-08-22v_a_Meyen.xml" skip="no" owner="dumont" group="avhr-nutzer" mode="770" created="2018-09-13T20:36:28+02:00" modified="2019-11-08T14:23:34.574+01:00" filename="1834-08-22v_a_Meyen.xml" mimetype="application/xml">
         <acl entries="0" version="1"/>
     </resource>
     <resource type="XMLResource" name="1834-08-22n_a_Meyen_2.xml" skip="no" owner="dumont" group="avhr-nutzer" mode="770" created="2018-09-13T20:36:28+02:00" modified="2019-03-25T15:52:06+01:00" filename="1834-08-22n_a_Meyen_2.xml" mimetype="application/xml">
@@ -45,7 +45,7 @@
     <resource type="XMLResource" name="1832-04-22n_a_Meyen.xml" skip="no" owner="dumont" group="avhr-nutzer" mode="770" created="2018-09-13T20:36:28+02:00" modified="2019-03-25T15:34:35+01:00" filename="1832-04-22n_a_Meyen.xml" mimetype="application/xml">
         <acl entries="0" version="1"/>
     </resource>
-    <resource type="XMLResource" name="1837-00-00_a_Meyen.xml" skip="no" owner="dumont" group="avhr-nutzer" mode="770" created="2018-09-13T20:36:28+02:00" modified="2019-11-07T19:48:51+01:00" filename="1837-00-00_a_Meyen.xml" mimetype="application/xml">
+    <resource type="XMLResource" name="1837-00-00_a_Meyen.xml" skip="no" owner="dumont" group="avhr-nutzer" mode="770" created="2018-09-13T20:36:28+02:00" modified="2019-11-07T19:48:51.837+01:00" filename="1837-00-00_a_Meyen.xml" mimetype="application/xml">
         <acl entries="0" version="1"/>
     </resource>
     <resource type="XMLResource" name="1836-01-24_a_Meyen.xml" skip="no" owner="dumont" group="avhr-nutzer" mode="770" created="2018-09-13T20:36:28+02:00" modified="2019-04-23T13:56:31+02:00" filename="1836-01-24_a_Meyen.xml" mimetype="application/xml">
diff --git a/T1_Biowissenschaften/Briefe/Soemmerring/__contents__.xml b/home/gordon/backup182/db/projects/avhr/data/T1_Biowissenschaften/Briefe/Soemmerring/__contents__.xml
index e916135..436ae9d 100644
--- a/T1_Biowissenschaften/Briefe/Soemmerring/__contents__.xml
+++ b/home/gordon/backup182/db/projects/avhr/data/T1_Biowissenschaften/Briefe/Soemmerring/__contents__.xml
@@ -15,10 +15,10 @@
     <resource type="XMLResource" name="1796_02_07_a_Soemmerring.xml" skip="no" owner="dumont" group="avhr-nutzer" mode="770" created="2018-09-13T20:36:28+02:00" modified="2019-04-23T13:57:36+02:00" filename="1796_02_07_a_Soemmerring.xml" mimetype="application/xml">
         <acl entries="0" version="1"/>
     </resource>
-    <resource type="XMLResource" name="1795_06_07_a_Soemmerring.xml" skip="no" owner="dumont" group="avhr-nutzer" mode="770" created="2018-09-13T20:36:28+02:00" modified="2019-09-25T01:12:36+02:00" filename="1795_06_07_a_Soemmerring.xml" mimetype="application/xml">
+    <resource type="XMLResource" name="1795_06_07_a_Soemmerring.xml" skip="no" owner="dumont" group="avhr-nutzer" mode="770" created="2018-09-13T20:36:28+02:00" modified="2019-09-25T01:12:36.067+02:00" filename="1795_06_07_a_Soemmerring.xml" mimetype="application/xml">
         <acl entries="0" version="1"/>
     </resource>
-    <resource type="XMLResource" name="1793_12_05_a_Soemmerring.xml" skip="no" owner="dumont" group="avhr-nutzer" mode="770" created="2018-09-13T20:36:28+02:00" modified="2019-12-03T13:45:17+01:00" filename="1793_12_05_a_Soemmerring.xml" mimetype="application/xml">
+    <resource type="XMLResource" name="1793_12_05_a_Soemmerring.xml" skip="no" owner="dumont" group="avhr-nutzer" mode="770" created="2018-09-13T20:36:28+02:00" modified="2019-12-03T13:45:17.832+01:00" filename="1793_12_05_a_Soemmerring.xml" mimetype="application/xml">
         <acl entries="0" version="1"/>
     </resource>
     <resource type="XMLResource" name="1794_02_06_a_Soemmerring.xml" skip="no" owner="dumont" group="avhr-nutzer" mode="770" created="2018-09-13T20:36:28+02:00" modified="2019-04-17T11:31:45+02:00" filename="1794_02_06_a_Soemmerring.xml" mimetype="application/xml">
@@ -27,7 +27,7 @@
     <resource type="XMLResource" name="1796_04_09_a_Soemmerring.xml" skip="no" owner="dumont" group="avhr-nutzer" mode="770" created="2018-09-13T20:36:28+02:00" modified="2019-04-23T13:59:33+02:00" filename="1796_04_09_a_Soemmerring.xml" mimetype="application/xml">
         <acl entries="0" version="1"/>
     </resource>
-    <resource type="XMLResource" name="1791_01_28_a_Soemmerring.xml" skip="no" owner="dumont" group="avhr-nutzer" mode="770" created="2018-09-13T20:36:28+02:00" modified="2019-09-15T19:42:54+02:00" filename="1791_01_28_a_Soemmerring.xml" mimetype="application/xml">
+    <resource type="XMLResource" name="1791_01_28_a_Soemmerring.xml" skip="no" owner="dumont" group="avhr-nutzer" mode="770" created="2018-09-13T20:36:28+02:00" modified="2019-09-15T19:42:54.172+02:00" filename="1791_01_28_a_Soemmerring.xml" mimetype="application/xml">
         <acl entries="0" version="1"/>
     </resource>
 </collection>
\ No newline at end of file
diff --git a/T1_Biowissenschaften/Briefe/Willdenow/1799_04_20_a_Willdenow.xml b/home/gordon/backup182/db/projects/avhr/data/T1_Biowissenschaften/Briefe/Willdenow/1799_04_20_a_Willdenow.xml
index dc3941c..fa69f39 100644
--- a/T1_Biowissenschaften/Briefe/Willdenow/1799_04_20_a_Willdenow.xml
+++ b/home/gordon/backup182/db/projects/avhr/data/T1_Biowissenschaften/Briefe/Willdenow/1799_04_20_a_Willdenow.xml
@@ -346,7 +346,7 @@
                     </choice> kann. Ich reiste nun, meist zu Fuß<subst>
                         <del rendition="#s">de</del>
                         <add place="intralinear">, längst</add>
-                    </subst> der Küste des<lb/><placeName key="H0008895">mittelländischen
+                    </subst> der Küste des <lb/><placeName key="H0008895">mittelländischen
                         Meeres</placeName>, über <placeName key="H0010210">Cette</placeName>,
                         <placeName key="H0008945">Monpellier</placeName>, <placeName key="H0001553">Narbonne</placeName>, <placeName key="H0008226">Perpignan</placeName>, die
                         <placeName key="H0008509">Pyrenäen</placeName>, <choice>
diff --git a/T1_Biowissenschaften/Briefe/Willdenow/__contents__.xml b/home/gordon/backup182/db/projects/avhr/data/T1_Biowissenschaften/Briefe/Willdenow/__contents__.xml
index e74930c..67a5750 100644
--- a/T1_Biowissenschaften/Briefe/Willdenow/__contents__.xml
+++ b/home/gordon/backup182/db/projects/avhr/data/T1_Biowissenschaften/Briefe/Willdenow/__contents__.xml
@@ -1,6 +1,6 @@
 <collection xmlns="http://exist.sourceforge.net/NS/exist" name="/db/projects/avhr/data/T1_Biowissenschaften/Briefe/Willdenow" version="1" owner="dumont" group="avhr-nutzer" mode="770" created="2018-09-13T20:36:28.119+02:00">
     <acl entries="0" version="1"/>
-    <resource type="XMLResource" name="1799_04_20_a_Willdenow.xml" skip="no" owner="dumont" group="avhr-nutzer" mode="770" created="2018-09-13T20:36:28+02:00" modified="2019-05-08T11:54:51+02:00" filename="1799_04_20_a_Willdenow.xml" mimetype="application/xml">
+    <resource type="XMLResource" name="1799_04_20_a_Willdenow.xml" skip="no" owner="dumont" group="avhr-nutzer" mode="770" created="2018-09-13T20:36:28+02:00" modified="2020-02-02T16:04:50.724+01:00" filename="1799_04_20_a_Willdenow.xml" mimetype="application/xml">
         <acl entries="0" version="1"/>
     </resource>
     <resource type="XMLResource" name="1796_12_20_a_Willdenow.xml" skip="no" owner="dumont" group="avhr-nutzer" mode="770" created="2018-09-13T20:36:28+02:00" modified="2019-04-25T10:41:01+02:00" filename="1796_12_20_a_Willdenow.xml" mimetype="application/xml">
@@ -15,7 +15,7 @@
     <resource type="XMLResource" name="1811_10_10_a_Willdenow.xml" skip="no" owner="dumont" group="avhr-nutzer" mode="770" created="2018-09-13T20:36:28+02:00" modified="2019-04-24T13:07:28+02:00" filename="1811_10_10_a_Willdenow.xml" mimetype="application/xml">
         <acl entries="0" version="1"/>
     </resource>
-    <resource type="XMLResource" name="1801_02_21_a_Willdenow.xml" skip="no" owner="dumont" group="avhr-nutzer" mode="770" created="2018-09-13T20:36:28+02:00" modified="2020-01-20T16:05:23+01:00" filename="1801_02_21_a_Willdenow.xml" mimetype="application/xml">
+    <resource type="XMLResource" name="1801_02_21_a_Willdenow.xml" skip="no" owner="dumont" group="avhr-nutzer" mode="770" created="2018-09-13T20:36:28+02:00" modified="2020-01-20T16:05:23.522+01:00" filename="1801_02_21_a_Willdenow.xml" mimetype="application/xml">
         <acl entries="0" version="1"/>
     </resource>
     <resource type="XMLResource" name="1796_11_19n_a_Willdenow.xml" skip="no" owner="dumont" group="avhr-nutzer" mode="770" created="2018-09-13T20:36:28+02:00" modified="2019-04-17T11:31:45+02:00" filename="1796_11_19n_a_Willdenow.xml" mimetype="application/xml">
diff --git a/T1_Biowissenschaften/Dokumente/Ansichten_der_Natur_Korrekturen_1849.xml b/home/gordon/backup182/db/projects/avhr/data/T1_Biowissenschaften/Dokumente/Ansichten_der_Natur_Korrekturen_1849.xml
index 0b20f73..154f662 100644
--- a/T1_Biowissenschaften/Dokumente/Ansichten_der_Natur_Korrekturen_1849.xml
+++ b/home/gordon/backup182/db/projects/avhr/data/T1_Biowissenschaften/Dokumente/Ansichten_der_Natur_Korrekturen_1849.xml
@@ -380,7 +380,7 @@
                                 </choice> 228.</bibl></orig>
                         <note xml:id="nxpn_hhf_hx">
                             <bibl sameAs="zotero-667230-2WVKCKG3">Humboldt 1849</bibl>, II.</note>
-                    </seg><hi rendition="#u">Liliengewächse</hi>. <subst>
+                    </seg> <hi rendition="#u">Liliengewächse</hi>. <subst>
                         <del rendition="#s">Hierunter</del>
                         <add place="intralinear">Hiermit</add>
                     </subst>
diff --git a/T1_Biowissenschaften/Dokumente/I_Considerations_generales-DE-UP.xml b/home/gordon/backup182/db/projects/avhr/data/T1_Biowissenschaften/Dokumente/I_Considerations_generales-DE-UP.xml
index 3376152..d8f96d8 100644
--- a/T1_Biowissenschaften/Dokumente/I_Considerations_generales-DE-UP.xml
+++ b/home/gordon/backup182/db/projects/avhr/data/T1_Biowissenschaften/Dokumente/I_Considerations_generales-DE-UP.xml
@@ -469,7 +469,7 @@
                     diesen 3 Zonen sind daher wie die Zahlen 3, 4½ und 6. Aber man darf keinesfalls
                     vergessen, dass diese Unterschiede zum Teil darauf zurückzuführen sind, dass wir
                     Bäume verschiedener Arten vergleichen. Die Regionen des <placeName key="H0002429">Neuen Kontinents</placeName>, die an den <placeName key="H0002500">Äquator</placeName> angrenzen, haben nicht die immergrünen
-                    Bäume Pinus, Thuja und Juniperus. Wir finden die Kiefern nur in den Kordilleren
+                    Bäume <name type="plant">Pinus</name>, <name type="plant">Thuja</name> und <name type="plant">Juniperus</name>. Wir finden die Kiefern nur in den Kordilleren
                         <placeName key="H0008847">Mexikos</placeName>. Dort steigen sie wie in den
                         <placeName key="H0008509">Pyrenäen</placeName> und am Südhang der <placeName key="H0002402">Alpen</placeName> bis auf <measure quantity="360" unit="toise">360 Toisen</measure> Abstand vom ewigen Schnee.<note place="left" hand="#author">Ebenso erreicht der Getreideanbau, insbesondere
                         der der Gerste, in <placeName key="H0008847">Mexiko</placeName> fast die
diff --git a/T1_Biowissenschaften/Dokumente/I_Considerations_generales.xml b/home/gordon/backup182/db/projects/avhr/data/T1_Biowissenschaften/Dokumente/I_Considerations_generales.xml
index 7cf5b9e..d84c840 100644
--- a/T1_Biowissenschaften/Dokumente/I_Considerations_generales.xml
+++ b/home/gordon/backup182/db/projects/avhr/data/T1_Biowissenschaften/Dokumente/I_Considerations_generales.xml
@@ -168,7 +168,8 @@
             <gap unit="pages" quantity="1" reason="empty"/>
             <pb n="U_2v" facs="http://resolver.staatsbibliothek-berlin.de/SBB00019F4500000004"/>
             <gap unit="pages" quantity="1" reason="empty"/>
-            </div> <pb n="I_1r" facs="http://content.staatsbibliothek-berlin.de/dms/PPN826366341/1200/0/00000001.jpg"/>
+            </div>
+         <pb n="I_1r" facs="http://content.staatsbibliothek-berlin.de/dms/PPN826366341/1200/0/00000001.jpg"/>
             <div>
                
                 <head>I. <choice>
@@ -1890,7 +1891,7 @@
                         <add place="intralinear">
                             <note place="right" hand="#author"><metamark/>Les <placeName key="H0009532">Tropiques</placeName>
                                 <lb/>ont de ces arbres<supplied cert="high">:</supplied>
-                                <lb/>Escallonia, <lb/>Brathys. <subst>
+                                <lb/><name type="plant">Escallonia</name>, <lb/><name type="plant">Brathys</name>. <subst>
                                     <del rendition="#s">Il <lb/>f</del>
                                     <add place="intralinear">Ce sont <lb/>des arbres tou<lb break="no"/>jours verts et <lb/>il faut un <lb/>plus
                                         haut degré <lb/>de chaleur <lb/>pour que les
@@ -2080,10 +2081,11 @@
                         <sic>de</sic>
                         <corr type="deleted"/>
                     </choice>
-                    <?oxy_comment_start author="paessler" timestamp="20180323T171132+0100" comment="Einfügung wird in beiden Webansichten nicht angezeigt." id="l5k_hkm_fhb"?><?oxy_comment_start author="Christian Thomas" timestamp="20190326T215311+0100" comment="Das Einfüngzeichen (&lt;metamark/&gt;) wurde, möglicherweise durch Anlegen eines oXygen-Kommentars o.Ä., aufgesplittet in ein öffnendes (&lt;metamark&gt;) und ein schließendes (&lt;/metamark&gt;) Tag. Ist nun behoben, ich lasse den Kommentar als erledigt markiert hier noch stehen als Doku, wenn @UP gelesen, bitte Kommentar löschen." parentID="l5k_hkm_fhb" mid="9"?><add place="left"><metamark/>des arbres <lb/>verts<supplied cert="high">,</supplied> des <lb/>pinus, <lb/><del rendition="#s">thy</del>
-                        <lb/><del rendition="#s">ty</del> thuya<supplied cert="high">,</supplied>
+                    <?oxy_comment_start author="paessler" timestamp="20180323T171132+0100" comment="Einfügung wird in beiden Webansichten nicht angezeigt." id="l5k_hkm_fhb"?><?oxy_comment_start author="Christian Thomas" timestamp="20190326T215311+0100" comment="Das Einfüngzeichen (&lt;metamark/&gt;) wurde, möglicherweise durch Anlegen eines oXygen-Kommentars o.Ä., aufgesplittet in ein öffnendes (&lt;metamark&gt;) und ein schließendes (&lt;/metamark&gt;) Tag. Ist nun behoben, ich lasse den Kommentar als erledigt markiert hier noch stehen als Doku, wenn @UP gelesen, bitte Kommentar löschen." parentID="l5k_hkm_fhb" mid="7"?><add place="left"><metamark/>des arbres <lb/>verts<supplied cert="high">,</supplied> des <lb/><name type="plant">pinus</name>, <lb/><del rendition="#s">thy</del>
+                        <lb/><del rendition="#s">ty</del>
+                        <name type="plant">thuya</name><supplied cert="high">,</supplied>
                         <lb/>et <supplied cert="high">des</supplied>
-                        Juniperus</add><lb/><?oxy_comment_end?><?oxy_comment_end mid="9"?><del rendition="#s">plantes à feuilles acérosés</del>
+                        <name type="plant">Juniperus</name></add><lb/><?oxy_comment_end?><?oxy_comment_end mid="7"?><del rendition="#s">plantes à feuilles acérosés</del>
                     <supplied cert="high">.</supplied>
                     <lb/>Nous ne retrouvons les Pins <lb/><subst>
                         <del rendition="#s">qu’à</del>
@@ -2707,7 +2709,7 @@
                     </choice> très différentes. <lb/>En <placeName key="H0005696">Europe</placeName><supplied cert="high">,</supplied> par exemple<supplied cert="high">,</supplied> le <name type="plant">Gentiana
                         verna</name>
                     <lb/>et <name type="plant">acaulis</name>, le <name type="plant">Primula elatior</name>, le <lb/><name type="plant">Saxifraga cotyledon</name> n’ont pas des <lb/>limites fixes comme le <name type="plant">Ranunculus gla<lb break="no"/>cialis</name>, le <name type="plant">Saxifraga androsacea</name><supplied cert="high">,</supplied>
-                    <lb/><name type="plant">l’aretia alpina</name> et le <name type="plant">Draba <lb/>tomentosa</name>. Ce phénomène est
+                    <lb/>l’<name type="plant">aretia alpina</name> et le <name type="plant">Draba <lb/>tomentosa</name>. Ce phénomène est
                         sur<lb break="no"/>tout <choice>
                         <sic>propres</sic>
                         <corr cert="high">propre</corr>
@@ -3053,7 +3055,7 @@
                             <sic>theaeformis</sic>
                             <corr cert="high">theiformis</corr>
                         </choice></name><supplied cert="high">,</supplied>
-                    <add place="left"><metamark/><name type="plant">des Aralia<lb break="no"/>cées</name> et <lb/>des <name type="plant">Vacci<g ref="#typoHyphen"/><lb break="no"/>niées</name></add>, il n’<lb break="no"/>y a pas
+                    <add place="left"><metamark/>des <name type="plant">Aralia<lb break="no"/>cées</name> et <lb/>des <name type="plant">Vacci<g ref="#typoHyphen"/><lb break="no"/>niées</name></add>, il n’<lb break="no"/>y a pas
                     de Pins<supplied cert="high">,</supplied>
                     <add place="left"><metamark/>pas d’arbres </add><lb/><add place="left">verts</add><supplied cert="high">,</supplied>
                     <subst>
diff --git a/T1_Biowissenschaften/Dokumente/__contents__.xml b/home/gordon/backup182/db/projects/avhr/data/T1_Biowissenschaften/Dokumente/__contents__.xml
index 926b8ea..46ec20d 100644
--- a/T1_Biowissenschaften/Dokumente/__contents__.xml
+++ b/home/gordon/backup182/db/projects/avhr/data/T1_Biowissenschaften/Dokumente/__contents__.xml
@@ -1,126 +1,126 @@
 <collection xmlns="http://exist.sourceforge.net/NS/exist" name="/db/projects/avhr/data/T1_Biowissenschaften/Dokumente" version="1" owner="dumont" group="avhr-nutzer" mode="770" created="2018-09-13T20:36:28.735+02:00">
     <acl entries="0" version="1"/>
-    <resource type="XMLResource" name="Sigle_Ac.xml" skip="no" owner="dumont" group="avhr-nutzer" mode="770" created="2018-09-13T20:36:29+02:00" modified="2019-09-11T12:57:45+02:00" filename="Sigle_Ac.xml" mimetype="application/xml">
+    <resource type="XMLResource" name="Sigle_Ac.xml" skip="no" owner="dumont" group="avhr-nutzer" mode="770" created="2018-09-13T20:36:29+02:00" modified="2019-09-11T12:57:45.473+02:00" filename="Sigle_Ac.xml" mimetype="application/xml">
         <acl entries="0" version="1"/>
     </resource>
-    <resource type="XMLResource" name="Ansichten_der_Natur_Korrekturen_1849.xml" skip="no" owner="dumont" group="avhr-nutzer" mode="770" created="2018-09-13T20:36:29+02:00" modified="2020-01-24T13:27:15+01:00" filename="Ansichten_der_Natur_Korrekturen_1849.xml" mimetype="application/xml">
+    <resource type="XMLResource" name="Ansichten_der_Natur_Korrekturen_1849.xml" skip="no" owner="dumont" group="avhr-nutzer" mode="770" created="2018-09-13T20:36:29+02:00" modified="2020-02-02T15:28:21.6+01:00" filename="Ansichten_der_Natur_Korrekturen_1849.xml" mimetype="application/xml">
         <acl entries="0" version="1"/>
     </resource>
-    <resource type="XMLResource" name="Sigle_M.xml" skip="no" owner="dumont" group="avhr-nutzer" mode="770" created="2018-09-13T20:36:29+02:00" modified="2019-09-09T01:43:04+02:00" filename="Sigle_M.xml" mimetype="application/xml">
+    <resource type="XMLResource" name="Sigle_M.xml" skip="no" owner="dumont" group="avhr-nutzer" mode="770" created="2018-09-13T20:36:29+02:00" modified="2019-09-09T01:43:04.147+02:00" filename="Sigle_M.xml" mimetype="application/xml">
         <acl entries="0" version="1"/>
     </resource>
-    <resource type="XMLResource" name="Antworten_von_Brown.xml" skip="no" owner="dumont" group="avhr-nutzer" mode="770" created="2018-09-13T20:36:29+02:00" modified="2020-01-24T11:54:11+01:00" filename="Antworten_von_Brown.xml" mimetype="application/xml">
+    <resource type="XMLResource" name="Antworten_von_Brown.xml" skip="no" owner="dumont" group="avhr-nutzer" mode="770" created="2018-09-13T20:36:29+02:00" modified="2020-01-24T11:54:11.199+01:00" filename="Antworten_von_Brown.xml" mimetype="application/xml">
         <acl entries="0" version="1"/>
     </resource>
-    <resource type="XMLResource" name="Sigle_K.xml" skip="no" owner="dumont" group="avhr-nutzer" mode="770" created="2018-09-13T20:36:29+02:00" modified="2019-09-11T12:57:46+02:00" filename="Sigle_K.xml" mimetype="application/xml">
+    <resource type="XMLResource" name="Sigle_K.xml" skip="no" owner="dumont" group="avhr-nutzer" mode="770" created="2018-09-13T20:36:29+02:00" modified="2019-09-11T12:57:46.127+02:00" filename="Sigle_K.xml" mimetype="application/xml">
         <acl entries="0" version="1"/>
     </resource>
-    <resource type="XMLResource" name="Frz.Prospectus.xml" skip="no" owner="dumont" group="avhr-nutzer" mode="770" created="2018-09-13T20:36:29+02:00" modified="2019-09-18T17:26:22+02:00" filename="Frz.Prospectus.xml" mimetype="application/xml">
+    <resource type="XMLResource" name="Frz.Prospectus.xml" skip="no" owner="dumont" group="avhr-nutzer" mode="770" created="2018-09-13T20:36:29+02:00" modified="2019-09-18T17:26:22.877+02:00" filename="Frz.Prospectus.xml" mimetype="application/xml">
         <acl entries="0" version="1"/>
     </resource>
-    <resource type="XMLResource" name="I_Considerations_generales.xml" skip="no" owner="dumont" group="avhr-nutzer" mode="770" created="2018-09-13T20:36:29+02:00" modified="2020-01-15T11:20:47+01:00" filename="I_Considerations_generales.xml" mimetype="application/xml">
+    <resource type="XMLResource" name="I_Considerations_generales.xml" skip="no" owner="dumont" group="avhr-nutzer" mode="770" created="2018-09-13T20:36:29+02:00" modified="2020-01-27T14:54:39.965+01:00" filename="I_Considerations_generales.xml" mimetype="application/xml">
         <acl entries="0" version="1"/>
     </resource>
     <resource type="XMLResource" name="Sigle_Aa.xml" skip="no" owner="dumont" group="avhr-nutzer" mode="770" created="2018-09-13T20:36:29+02:00" modified="2019-04-23T14:06:14+02:00" filename="Sigle_Aa.xml" mimetype="application/xml">
         <acl entries="0" version="1"/>
     </resource>
-    <resource type="XMLResource" name="Dt_Prospectus_1826.xml" skip="no" owner="dumont" group="avhr-nutzer" mode="770" created="2018-09-13T20:36:29+02:00" modified="2019-07-10T14:45:32+02:00" filename="Dt_Prospectus_1826.xml" mimetype="application/xml">
+    <resource type="XMLResource" name="Dt_Prospectus_1826.xml" skip="no" owner="dumont" group="avhr-nutzer" mode="770" created="2018-09-13T20:36:29+02:00" modified="2019-07-10T14:45:32.888+02:00" filename="Dt_Prospectus_1826.xml" mimetype="application/xml">
         <acl entries="0" version="1"/>
     </resource>
-    <resource type="XMLResource" name="Humboldts_Material.xml" skip="no" owner="dumont" group="avhr-nutzer" mode="660" created="2019-05-23T19:37:46+02:00" modified="2019-09-18T15:32:26+02:00" filename="Humboldts_Material.xml" mimetype="application/xml">
+    <resource type="XMLResource" name="Humboldts_Material.xml" skip="no" owner="dumont" group="avhr-nutzer" mode="660" created="2019-05-23T19:37:46+02:00" modified="2019-09-18T15:32:26.054+02:00" filename="Humboldts_Material.xml" mimetype="application/xml">
         <acl entries="0" version="1"/>
     </resource>
-    <resource type="XMLResource" name="Sigle_H.xml" skip="no" owner="dumont" group="avhr-nutzer" mode="770" created="2018-09-13T20:36:29+02:00" modified="2019-09-09T01:43:03+02:00" filename="Sigle_H.xml" mimetype="application/xml">
+    <resource type="XMLResource" name="Sigle_H.xml" skip="no" owner="dumont" group="avhr-nutzer" mode="770" created="2018-09-13T20:36:29+02:00" modified="2019-09-09T01:43:03.947+02:00" filename="Sigle_H.xml" mimetype="application/xml">
         <acl entries="0" version="1"/>
     </resource>
-    <resource type="XMLResource" name="Kunth_Vortrag_1846.xml" skip="no" owner="dumont" group="avhr-nutzer" mode="770" created="2018-09-13T20:36:29+02:00" modified="2019-05-27T17:33:48+02:00" filename="Kunth_Vortrag_1846.xml" mimetype="application/xml">
+    <resource type="XMLResource" name="Kunth_Vortrag_1846.xml" skip="no" owner="dumont" group="avhr-nutzer" mode="770" created="2018-09-13T20:36:29+02:00" modified="2019-05-27T17:33:48.614+02:00" filename="Kunth_Vortrag_1846.xml" mimetype="application/xml">
         <acl entries="0" version="1"/>
     </resource>
-    <resource type="XMLResource" name="Sigle_A.xml" skip="no" owner="dumont" group="avhr-nutzer" mode="770" created="2018-09-13T20:36:29+02:00" modified="2019-09-11T12:57:46+02:00" filename="Sigle_A.xml" mimetype="application/xml">
+    <resource type="XMLResource" name="Sigle_A.xml" skip="no" owner="dumont" group="avhr-nutzer" mode="770" created="2018-09-13T20:36:29+02:00" modified="2019-09-11T12:57:46.318+02:00" filename="Sigle_A.xml" mimetype="application/xml">
         <acl entries="0" version="1"/>
     </resource>
-    <resource type="XMLResource" name="Kunth_Plan_zur_neuen_Ausgabe_der_GdP.xml" skip="no" owner="dumont" group="avhr-nutzer" mode="770" created="2018-09-13T20:36:29+02:00" modified="2019-09-11T11:19:08+02:00" filename="Kunth_Plan_zur_neuen_Ausgabe_der_GdP.xml" mimetype="application/xml">
+    <resource type="XMLResource" name="Kunth_Plan_zur_neuen_Ausgabe_der_GdP.xml" skip="no" owner="dumont" group="avhr-nutzer" mode="770" created="2018-09-13T20:36:29+02:00" modified="2019-09-11T11:19:08.251+02:00" filename="Kunth_Plan_zur_neuen_Ausgabe_der_GdP.xml" mimetype="application/xml">
         <acl entries="0" version="1"/>
     </resource>
-    <resource type="XMLResource" name="Verlagsvertrag_1825-DE.xml" skip="no" owner="avhr_kraft" group="avhr-nutzer" mode="660" created="2019-03-12T18:47:50+01:00" modified="2019-07-10T15:08:59+02:00" filename="Verlagsvertrag_1825-DE.xml" mimetype="application/xml">
+    <resource type="XMLResource" name="Verlagsvertrag_1825-DE.xml" skip="no" owner="avhr_kraft" group="avhr-nutzer" mode="660" created="2019-03-12T18:47:50+01:00" modified="2019-07-10T15:08:59.681+02:00" filename="Verlagsvertrag_1825-DE.xml" mimetype="application/xml">
         <acl entries="0" version="1"/>
     </resource>
-    <resource type="XMLResource" name="Fragen_an_Brown_DE.xml" skip="no" owner="dumont" group="dba" mode="644" created="2019-04-08T21:21:55+02:00" modified="2019-09-17T13:10:15+02:00" filename="Fragen_an_Brown_DE.xml" mimetype="application/xml">
+    <resource type="XMLResource" name="Fragen_an_Brown_DE.xml" skip="no" owner="dumont" group="dba" mode="644" created="2019-04-08T21:21:55+02:00" modified="2019-09-17T13:10:15.961+02:00" filename="Fragen_an_Brown_DE.xml" mimetype="application/xml">
         <acl entries="0" version="1"/>
     </resource>
-    <resource type="XMLResource" name="Sigle_S.xml" skip="no" owner="dumont" group="avhr-nutzer" mode="770" created="2018-09-13T20:36:29+02:00" modified="2019-09-09T01:43:04+02:00" filename="Sigle_S.xml" mimetype="application/xml">
+    <resource type="XMLResource" name="Sigle_S.xml" skip="no" owner="dumont" group="avhr-nutzer" mode="770" created="2018-09-13T20:36:29+02:00" modified="2019-09-09T01:43:04.323+02:00" filename="Sigle_S.xml" mimetype="application/xml">
         <acl entries="0" version="1"/>
     </resource>
-    <resource type="XMLResource" name="Rugendas_Vertrag.xml" skip="no" owner="avhr_paessler" group="avhr-nutzer" mode="660" created="2018-10-29T13:45:21+01:00" modified="2019-09-18T11:57:57+02:00" filename="Rugendas_Vertrag.xml" mimetype="application/xml">
+    <resource type="XMLResource" name="Rugendas_Vertrag.xml" skip="no" owner="avhr_paessler" group="avhr-nutzer" mode="660" created="2018-10-29T13:45:21+01:00" modified="2019-09-18T11:57:57.855+02:00" filename="Rugendas_Vertrag.xml" mimetype="application/xml">
         <acl entries="0" version="1"/>
     </resource>
-    <resource type="XMLResource" name="Sigle_X.xml" skip="no" owner="dumont" group="avhr-nutzer" mode="770" created="2018-09-13T20:36:28+02:00" modified="2019-09-09T01:43:04+02:00" filename="Sigle_X.xml" mimetype="application/xml">
+    <resource type="XMLResource" name="Sigle_X.xml" skip="no" owner="dumont" group="avhr-nutzer" mode="770" created="2018-09-13T20:36:28+02:00" modified="2019-09-09T01:43:04.471+02:00" filename="Sigle_X.xml" mimetype="application/xml">
         <acl entries="0" version="1"/>
     </resource>
-    <resource type="XMLResource" name="Sigle_U.xml" skip="no" owner="dumont" group="avhr-nutzer" mode="770" created="2018-09-13T20:36:28+02:00" modified="2019-09-09T01:43:04+02:00" filename="Sigle_U.xml" mimetype="application/xml">
+    <resource type="XMLResource" name="Sigle_U.xml" skip="no" owner="dumont" group="avhr-nutzer" mode="770" created="2018-09-13T20:36:28+02:00" modified="2019-09-09T01:43:04.383+02:00" filename="Sigle_U.xml" mimetype="application/xml">
         <acl entries="0" version="1"/>
     </resource>
-    <resource type="XMLResource" name="Sigle_Ad.xml" skip="no" owner="dumont" group="avhr-nutzer" mode="770" created="2018-09-13T20:36:28+02:00" modified="2019-09-09T01:43:03+02:00" filename="Sigle_Ad.xml" mimetype="application/xml">
+    <resource type="XMLResource" name="Sigle_Ad.xml" skip="no" owner="dumont" group="avhr-nutzer" mode="770" created="2018-09-13T20:36:28+02:00" modified="2019-09-09T01:43:03.397+02:00" filename="Sigle_Ad.xml" mimetype="application/xml">
         <acl entries="0" version="1"/>
     </resource>
-    <resource type="XMLResource" name="Sigle_Ag_Ah.xml" skip="no" owner="dumont" group="avhr-nutzer" mode="770" created="2018-09-13T20:36:28+02:00" modified="2019-09-09T01:41:58+02:00" filename="Sigle_Ag_Ah.xml" mimetype="application/xml">
+    <resource type="XMLResource" name="Sigle_Ag_Ah.xml" skip="no" owner="dumont" group="avhr-nutzer" mode="770" created="2018-09-13T20:36:28+02:00" modified="2019-09-09T01:41:58.264+02:00" filename="Sigle_Ag_Ah.xml" mimetype="application/xml">
         <acl entries="0" version="1"/>
     </resource>
-    <resource type="XMLResource" name="I_Considerations_generales-DE-UP.xml" skip="no" owner="avhr_paessler" group="avhr-nutzer" mode="660" created="2019-03-27T17:30:24+01:00" modified="2020-01-15T11:20:57+01:00" filename="I_Considerations_generales-DE-UP.xml" mimetype="application/xml">
+    <resource type="XMLResource" name="I_Considerations_generales-DE-UP.xml" skip="no" owner="avhr_paessler" group="avhr-nutzer" mode="660" created="2019-03-27T17:30:24+01:00" modified="2020-01-24T15:50:33.009+01:00" filename="I_Considerations_generales-DE-UP.xml" mimetype="application/xml">
         <acl entries="0" version="1"/>
     </resource>
-    <resource type="XMLResource" name="Humboldts_Material-DE.xml" skip="no" owner="dumont" group="avhr-nutzer" mode="770" created="2018-09-13T20:36:28+02:00" modified="2019-10-28T14:45:29+01:00" filename="Humboldts_Material-DE.xml" mimetype="application/xml">
+    <resource type="XMLResource" name="Humboldts_Material-DE.xml" skip="no" owner="dumont" group="avhr-nutzer" mode="770" created="2018-09-13T20:36:28+02:00" modified="2019-10-28T14:45:29.414+01:00" filename="Humboldts_Material-DE.xml" mimetype="application/xml">
         <acl entries="0" version="1"/>
     </resource>
-    <resource type="XMLResource" name="Sigle_Ag.xml" skip="no" owner="dumont" group="avhr-nutzer" mode="770" created="2018-09-13T20:36:28+02:00" modified="2019-06-11T13:33:05+02:00" filename="Sigle_Ag.xml" mimetype="application/xml">
+    <resource type="XMLResource" name="Sigle_Ag.xml" skip="no" owner="dumont" group="avhr-nutzer" mode="770" created="2018-09-13T20:36:28+02:00" modified="2019-06-11T13:33:05.036+02:00" filename="Sigle_Ag.xml" mimetype="application/xml">
         <acl entries="0" version="1"/>
     </resource>
-    <resource type="XMLResource" name="Sigle_E.xml" skip="no" owner="dumont" group="avhr-nutzer" mode="770" created="2018-09-13T20:36:29+02:00" modified="2019-09-09T01:43:03+02:00" filename="Sigle_E.xml" mimetype="application/xml">
+    <resource type="XMLResource" name="Sigle_E.xml" skip="no" owner="dumont" group="avhr-nutzer" mode="770" created="2018-09-13T20:36:29+02:00" modified="2019-09-09T01:43:03.875+02:00" filename="Sigle_E.xml" mimetype="application/xml">
         <acl entries="0" version="1"/>
     </resource>
-    <resource type="XMLResource" name="Sigle_D.xml" skip="no" owner="dumont" group="avhr-nutzer" mode="770" created="2018-09-13T20:36:28+02:00" modified="2019-09-11T12:57:43+02:00" filename="Sigle_D.xml" mimetype="application/xml">
+    <resource type="XMLResource" name="Sigle_D.xml" skip="no" owner="dumont" group="avhr-nutzer" mode="770" created="2018-09-13T20:36:28+02:00" modified="2019-09-11T12:57:43.691+02:00" filename="Sigle_D.xml" mimetype="application/xml">
         <acl entries="0" version="1"/>
     </resource>
     <resource type="XMLResource" name="Sigle_T.xml" skip="no" owner="dumont" group="avhr-nutzer" mode="770" created="2018-09-13T20:36:28+02:00" modified="2019-03-25T16:14:37+01:00" filename="Sigle_T.xml" mimetype="application/xml">
         <acl entries="0" version="1"/>
     </resource>
-    <resource type="XMLResource" name="Sigle_N.xml" skip="no" owner="dumont" group="avhr-nutzer" mode="770" created="2018-09-13T20:36:28+02:00" modified="2019-09-09T01:43:04+02:00" filename="Sigle_N.xml" mimetype="application/xml">
+    <resource type="XMLResource" name="Sigle_N.xml" skip="no" owner="dumont" group="avhr-nutzer" mode="770" created="2018-09-13T20:36:28+02:00" modified="2019-09-09T01:43:04.176+02:00" filename="Sigle_N.xml" mimetype="application/xml">
         <acl entries="0" version="1"/>
     </resource>
-    <resource type="XMLResource" name="Sigle_B_C.xml" skip="no" owner="dumont" group="avhr-nutzer" mode="770" created="2018-09-13T20:36:28+02:00" modified="2019-09-17T12:02:32+02:00" filename="Sigle_B_C.xml" mimetype="application/xml">
+    <resource type="XMLResource" name="Sigle_B_C.xml" skip="no" owner="dumont" group="avhr-nutzer" mode="770" created="2018-09-13T20:36:28+02:00" modified="2019-09-17T12:02:32.961+02:00" filename="Sigle_B_C.xml" mimetype="application/xml">
         <acl entries="0" version="1"/>
     </resource>
     <resource type="XMLResource" name="Sigle_F.xml" skip="no" owner="dumont" group="avhr-nutzer" mode="770" created="2018-09-13T20:36:29+02:00" modified="2019-05-23T09:40:51+02:00" filename="Sigle_F.xml" mimetype="application/xml">
         <acl entries="0" version="1"/>
     </resource>
-    <resource type="XMLResource" name="Sigle_Ab_1820_11_14_Lambert_an_Humboldt.xml" skip="no" owner="dumont" group="avhr-nutzer" mode="770" created="2018-09-13T20:36:29+02:00" modified="2019-09-17T15:28:11+02:00" filename="Sigle_Ab_1820_11_14_Lambert_an_Humboldt.xml" mimetype="application/xml">
+    <resource type="XMLResource" name="Sigle_Ab_1820_11_14_Lambert_an_Humboldt.xml" skip="no" owner="dumont" group="avhr-nutzer" mode="770" created="2018-09-13T20:36:29+02:00" modified="2019-09-17T15:28:11.75+02:00" filename="Sigle_Ab_1820_11_14_Lambert_an_Humboldt.xml" mimetype="application/xml">
         <acl entries="0" version="1"/>
     </resource>
     <resource type="XMLResource" name="Sigle_L_1822_03_14_Arnott_an_Humboldt.xml" skip="no" owner="dumont" group="avhr-nutzer" mode="770" created="2018-09-13T20:36:29+02:00" modified="2019-04-30T15:58:19+02:00" filename="Sigle_L_1822_03_14_Arnott_an_Humboldt.xml" mimetype="application/xml">
         <acl entries="0" version="1"/>
     </resource>
-    <resource type="XMLResource" name="Sigle_Ag-DE.xml" skip="no" owner="dumont" group="avhr-nutzer" mode="770" created="2019-05-23T11:16:16+02:00" modified="2019-07-10T15:31:07+02:00" filename="Sigle_Ag-DE.xml" mimetype="application/xml">
+    <resource type="XMLResource" name="Sigle_Ag-DE.xml" skip="no" owner="dumont" group="avhr-nutzer" mode="770" created="2019-05-23T11:16:16+02:00" modified="2019-07-10T15:31:07.13+02:00" filename="Sigle_Ag-DE.xml" mimetype="application/xml">
         <acl entries="0" version="1"/>
     </resource>
-    <resource type="XMLResource" name="Sigle_O.xml" skip="no" owner="dumont" group="avhr-nutzer" mode="770" created="2018-09-13T20:36:29+02:00" modified="2019-09-09T01:43:04+02:00" filename="Sigle_O.xml" mimetype="application/xml">
+    <resource type="XMLResource" name="Sigle_O.xml" skip="no" owner="dumont" group="avhr-nutzer" mode="770" created="2018-09-13T20:36:29+02:00" modified="2019-09-09T01:43:04.203+02:00" filename="Sigle_O.xml" mimetype="application/xml">
         <acl entries="0" version="1"/>
     </resource>
-    <resource type="XMLResource" name="Sigle_V.xml" skip="no" owner="dumont" group="avhr-nutzer" mode="770" created="2018-09-13T20:36:29+02:00" modified="2019-09-09T01:43:04+02:00" filename="Sigle_V.xml" mimetype="application/xml">
+    <resource type="XMLResource" name="Sigle_V.xml" skip="no" owner="dumont" group="avhr-nutzer" mode="770" created="2018-09-13T20:36:29+02:00" modified="2019-09-09T01:43:04.445+02:00" filename="Sigle_V.xml" mimetype="application/xml">
         <acl entries="0" version="1"/>
     </resource>
-    <resource type="XMLResource" name="Verlagsvertrag_1825.xml" skip="no" owner="dumont" group="avhr-nutzer" mode="770" created="2018-09-13T20:36:29+02:00" modified="2019-09-17T15:00:46+02:00" filename="Verlagsvertrag_1825.xml" mimetype="application/xml">
+    <resource type="XMLResource" name="Verlagsvertrag_1825.xml" skip="no" owner="dumont" group="avhr-nutzer" mode="770" created="2018-09-13T20:36:29+02:00" modified="2019-09-17T15:00:46.4+02:00" filename="Verlagsvertrag_1825.xml" mimetype="application/xml">
         <acl entries="0" version="1"/>
     </resource>
     <resource type="XMLResource" name="Sigle_R.xml" skip="no" owner="dumont" group="avhr-nutzer" mode="770" created="2018-09-13T20:36:29+02:00" modified="2019-04-23T14:18:34+02:00" filename="Sigle_R.xml" mimetype="application/xml">
         <acl entries="0" version="1"/>
     </resource>
-    <resource type="XMLResource" name="Sigle_Q.xml" skip="no" owner="dumont" group="avhr-nutzer" mode="770" created="2018-09-13T20:36:29+02:00" modified="2019-09-09T01:43:04+02:00" filename="Sigle_Q.xml" mimetype="application/xml">
+    <resource type="XMLResource" name="Sigle_Q.xml" skip="no" owner="dumont" group="avhr-nutzer" mode="770" created="2018-09-13T20:36:29+02:00" modified="2019-09-09T01:43:04.29+02:00" filename="Sigle_Q.xml" mimetype="application/xml">
         <acl entries="0" version="1"/>
     </resource>
-    <resource type="XMLResource" name="Sigle_P.xml" skip="no" owner="dumont" group="avhr-nutzer" mode="770" created="2018-09-13T20:36:29+02:00" modified="2019-09-09T01:43:04+02:00" filename="Sigle_P.xml" mimetype="application/xml">
+    <resource type="XMLResource" name="Sigle_P.xml" skip="no" owner="dumont" group="avhr-nutzer" mode="770" created="2018-09-13T20:36:29+02:00" modified="2019-09-09T01:43:04.243+02:00" filename="Sigle_P.xml" mimetype="application/xml">
         <acl entries="0" version="1"/>
     </resource>
-    <resource type="XMLResource" name="Fragen_an_Brown.xml" skip="no" owner="dumont" group="avhr-nutzer" mode="770" created="2018-09-13T20:36:29+02:00" modified="2019-09-17T15:41:38+02:00" filename="Fragen_an_Brown.xml" mimetype="application/xml">
+    <resource type="XMLResource" name="Fragen_an_Brown.xml" skip="no" owner="dumont" group="avhr-nutzer" mode="770" created="2018-09-13T20:36:29+02:00" modified="2019-09-17T15:41:38.86+02:00" filename="Fragen_an_Brown.xml" mimetype="application/xml">
         <acl entries="0" version="1"/>
     </resource>
     <resource type="XMLResource" name="Sigle_Y_Z.xml" skip="no" owner="dumont" group="avhr-nutzer" mode="770" created="2018-09-13T20:36:29+02:00" modified="2019-04-23T14:19:12+02:00" filename="Sigle_Y_Z.xml" mimetype="application/xml">
diff --git a/T1_Biowissenschaften/__contents__.xml b/home/gordon/backup182/db/projects/avhr/data/T1_Biowissenschaften/__contents__.xml
index e724ee5..da43652 100644
--- a/T1_Biowissenschaften/__contents__.xml
+++ b/home/gordon/backup182/db/projects/avhr/data/T1_Biowissenschaften/__contents__.xml
@@ -1,9 +1,9 @@
 <collection xmlns="http://exist.sourceforge.net/NS/exist" name="/db/projects/avhr/data/T1_Biowissenschaften" version="1" owner="dumont" group="avhr-nutzer" mode="770" created="2018-09-13T20:36:28.117+02:00">
     <acl entries="0" version="1"/>
-    <resource type="XMLResource" name="einleitung_kunth_korr_print.xml" skip="no" owner="avhr_paessler" group="avhr-nutzer" mode="660" created="2019-05-08T11:16:39+02:00" modified="2019-05-27T17:33:02+02:00" filename="einleitung_kunth_korr_print.xml" mimetype="application/xml">
+    <resource type="XMLResource" name="einleitung_kunth_korr_print.xml" skip="no" owner="avhr_paessler" group="avhr-nutzer" mode="660" created="2019-05-08T11:16:39+02:00" modified="2019-05-27T17:33:02.55+02:00" filename="einleitung_kunth_korr_print.xml" mimetype="application/xml">
         <acl entries="0" version="1"/>
     </resource>
-    <resource type="XMLResource" name="einleitung_willdenow_korr_print.xml" skip="no" owner="avhr_kraft" group="avhr-nutzer" mode="660" created="2019-05-03T10:51:36+02:00" modified="2019-05-27T17:33:02+02:00" filename="einleitung_willdenow_korr_print.xml" mimetype="application/xml">
+    <resource type="XMLResource" name="einleitung_willdenow_korr_print.xml" skip="no" owner="avhr_kraft" group="avhr-nutzer" mode="660" created="2019-05-03T10:51:36+02:00" modified="2019-05-27T17:33:02.55+02:00" filename="einleitung_willdenow_korr_print.xml" mimetype="application/xml">
         <acl entries="0" version="1"/>
     </resource>
     <subcollection name="Dokumente" filename="Dokumente"/>
