diff --git a/RST/Briefe/Polier/1829-09-14_aPolier.xml b/home/gordon/backup182/db/projects/avhr/data/RST/Briefe/Polier/1829-09-14_aPolier.xml
index 711866c..86fd38a 100644
--- a/RST/Briefe/Polier/1829-09-14_aPolier.xml
+++ b/home/gordon/backup182/db/projects/avhr/data/RST/Briefe/Polier/1829-09-14_aPolier.xml
@@ -126,8 +126,15 @@
                         <persName key="H0012872">Cancrin</persName>
                     <lb/>a envoyé visiter le Sud de l’<placeName key="H0009659">Oural</placeName>
                     <gap reason="illegible" unit="chars" quantity="5"/><lb break="no"/><gap reason="illegible" unit="chars" quantity="4"/> et dont le premier a fait le
-                    tour <lb/>du monde avec <persName key="H0001457">Kotzebue</persName>, <ref target="H0005449/#nwdw_fmq_tjb">nous fourniront <lb/>un de leurs
-                        baromètres</ref>. Ils nous accompagnent <lb/>à <placeName key="H0007842">Orenbourg</placeName> ; nous partons après<supplied cert="high">-</supplied>demain. Le <lb/>beau tems nous a singulièrement favorisé
+                    tour <lb/>du monde avec <persName key="H0001457">Kotzebue</persName>, <seg type="comment">
+                        <orig>nous fourniront <lb/>un de leurs baromètres</orig>
+                        <note xml:id="nmqf_lv4_nkb">Hofmann, der Humboldt vom 3. bis zum 27.
+                            September 1829 begleitete, hatte diesem ein Barometer überlassen,
+                            nachdem dessen eigenes <ref target="H0005449/#start_hts_5mq_tjb">beim 
+                                Aufstieg auf den Taganay am 8. September 1829 zerbrochen war</ref>. 
+                            Am 27. Oktober 1829, dem Tag vor der Ankunft in <placeName key="H0009197">Voronež</placeName>, <ref target="H0005449/#start_qby_ynq_tjb">ging 
+                                    auch das von Hofmann erhaltene Instrument zu Bruch</ref>.</note>
+                    </seg>. Ils nous accompagnent <lb/>à <placeName key="H0007842">Orenbourg</placeName> ; nous partons après<supplied cert="high">-</supplied>demain. Le <lb/>beau tems nous a singulièrement favorisé
                     <lb/>en Sibérie où nous avons intercalé <measure quantity="4000" unit="versta">4000 <choice>
                             <abbr>W</abbr>
                             <expan>Werst</expan>
diff --git a/RST/Briefe/Polier/1829-11-08_aPolier.xml b/home/gordon/backup182/db/projects/avhr/data/RST/Briefe/Polier/1829-11-08_aPolier.xml
index fddd4c5..a0b0386 100644
--- a/RST/Briefe/Polier/1829-11-08_aPolier.xml
+++ b/home/gordon/backup182/db/projects/avhr/data/RST/Briefe/Polier/1829-11-08_aPolier.xml
@@ -84,16 +84,26 @@
                             18./19. August 1829 aufgehalten hatte (vgl. <bibl sameAs="zotero-667230-BH8W3QPH">Rose 1837/1842</bibl>, <ref target="http://www.deutschestextarchiv.de/rose_ural01_1837/614">Bd
                                 1, 580</ref>-<ref target="http://www.deutschestextarchiv.de/rose_ural01_1837/614">608</ref>).</note>
                     </seg> à <lb/>la <placeName key="H0000384">Mer Caspienne</placeName> (où même
-                    nous avons vu un <unclear reason="illegible" cert="high"><?oxy_comment_start author="schnee" timestamp="20200117T143908+0100" comment="Vgl. Rose II, 303."?>Faquir<?oxy_comment_end?></unclear>
-                    <lb/><choice>
-                        <orig>nud</orig>
-                        <reg>nu</reg>
-                    </choice>
-                    <unclear reason="illegible" cert="low">jeté</unclear> dans la cour d'un petite
-                    temple de <unclear reason="illegible" cert="low"><?oxy_comment_start author="schnee" timestamp="20200117T144825+0100" comment="dt. Brahmanen, Brahminen, bei Rose: Bramine/n, vgl. Rose II, 302"?>Bramah<?oxy_comment_end?></unclear>
-                    <lb/><unclear reason="illegible" cert="low">ahì</unclear> d'un <unclear reason="illegible" cert="low">vif</unclear><unclear reason="illegible" cert="high"> in tant</unclear>. Tout le monde demande s'il <lb/>y a des
-                    diamans dans l'<placeName key="H0009659">Ural</placeName>: nous repondons
-                    toujours <lb/>que nous sommes sûrs que <unclear reason="illegible" cert="low">sans peu elles</unclear>
+                    nous avons vu <seg type="comment">
+                        <orig>un <unclear reason="illegible" cert="high"><?oxy_comment_start author="schnee" timestamp="20200117T143908+0100" comment="Vgl. Rose II, 303."?>Faquir<?oxy_comment_end?></unclear>
+                            <lb/><choice>
+                                <orig>nud</orig>
+                                <reg>nu</reg>
+                            </choice>
+                            <unclear reason="illegible" cert="low">jetté</unclear> dans la cour d'un
+                            petite temple de <unclear reason="illegible" cert="low"><?oxy_comment_start author="schnee" timestamp="20200117T144825+0100" comment="dt. Brahmanen, Brahminen, bei Rose: Bramine/n, vgl. Rose II, 302"?>Bramah<?oxy_comment_end?></unclear>
+                            <lb/><unclear reason="illegible" cert="low">ahì</unclear> d'un <unclear reason="illegible" cert="low">vif</unclear><unclear reason="illegible" cert="high"> in tant</unclear></orig>
+                        <note xml:id="ne4v_2fj_qkb">Humboldt und seine Begleiter waren am <date when="1829-10-18" calendar="#Gregorian">18.</date> (oder 19.)
+                            Oktober 1829 im Anschluss an den Besuch eines hinduistischen
+                            Gottesdienstes in <placeName key="H0002585">Astrachan</placeName> einem
+                                <quote>indischen büßenden Faquir</quote> begegnet, der in einem
+                            Holzverschlag <quote>im Hofe des Indischen Tempels nackend (blos mit
+                                einer Schafdecke)</quote> bekleidet, hauste (Brief an <persName key="H0012068">Wilhelm</persName> vom <date when="1829-10-21" calendar="#Gregorian">21. Oktober 1829</date>, vgl. <bibl sameAs="zotero-667230-K7T6THCG">Humboldt 2009a</bibl>, 199, Nr. 64;
+                                <bibl sameAs="zotero-667230-BH8W3QPH">Rose 1837/1842</bibl>, <ref target="http://www.deutschestextarchiv.de/rose_ural02_1842/321">II,
+                                303</ref> f.; Ehrenbergs Tagebuch <ref target="https://edition-humboldt.de/H0016785/64v">Bl.
+                            64v</ref>).</note>
+                    </seg>. Tout le monde demande s'il <lb/>y a des diamans dans l'<placeName key="H0009659">Ural</placeName>: nous repondons toujours <lb/>que nous
+                    sommes sûrs que <unclear reason="illegible" cert="low">sans peu elles</unclear>
                     <gap reason="illegible" unit="words" quantity="1"/>
                     <unclear reason="illegible" cert="low"><?oxy_comment_start author="schnee" timestamp="20200117T145449+0100" comment="commun, connu ?"?>comme<?oxy_comment_end?></unclear>
                     <lb/>Vous ne nous avez pas degagé de notre parole encore. Ce<lb break="no"/>pendant je vois <gap reason="illegible" unit="words" quantity="1"/> avec <gap reason="illegible" unit="words" quantity="1"/>, que cette grande nouvelle
diff --git a/RST/Briefe/Polier/__contents__.xml b/home/gordon/backup182/db/projects/avhr/data/RST/Briefe/Polier/__contents__.xml
index f5033d9..4a70aa1 100644
--- a/RST/Briefe/Polier/__contents__.xml
+++ b/home/gordon/backup182/db/projects/avhr/data/RST/Briefe/Polier/__contents__.xml
@@ -1,15 +1,15 @@
 <collection xmlns="http://exist.sourceforge.net/NS/exist" name="/db/projects/avhr/data/RST/Briefe/Polier" version="1" owner="schnee" group="avhr-nutzer" mode="770" created="2020-01-07T10:13:28.427+01:00">
     <acl entries="0" version="1"/>
-    <resource type="XMLResource" name="1830-02-26_aPolier.xml" skip="no" owner="schnee" group="avhr-nutzer" mode="660" created="2020-01-09T17:13:32+01:00" modified="2020-01-16T16:32:02+01:00" filename="1830-02-26_aPolier.xml" mimetype="application/xml">
+    <resource type="XMLResource" name="1830-02-26_aPolier.xml" skip="no" owner="schnee" group="avhr-nutzer" mode="660" created="2020-01-09T17:13:32.293+01:00" modified="2020-01-16T16:32:02.932+01:00" filename="1830-02-26_aPolier.xml" mimetype="application/xml">
         <acl entries="0" version="1"/>
     </resource>
-    <resource type="XMLResource" name="1829-09-14_aPolier.xml" skip="no" owner="schnee" group="avhr-nutzer" mode="660" created="2020-01-08T14:05:59+01:00" modified="2020-01-09T18:09:57+01:00" filename="1829-09-14_aPolier.xml" mimetype="application/xml">
+    <resource type="XMLResource" name="1829-09-14_aPolier.xml" skip="no" owner="schnee" group="avhr-nutzer" mode="660" created="2020-01-08T14:05:59.29+01:00" modified="2020-01-28T17:37:32.789+01:00" filename="1829-09-14_aPolier.xml" mimetype="application/xml">
         <acl entries="0" version="1"/>
     </resource>
-    <resource type="XMLResource" name="1829-04-18_aPolier.xml" skip="no" owner="schnee" group="avhr-nutzer" mode="660" created="2020-01-07T10:13:48+01:00" modified="2020-01-08T14:03:41+01:00" filename="1829-04-18_aPolier.xml" mimetype="application/xml">
+    <resource type="XMLResource" name="1829-04-18_aPolier.xml" skip="no" owner="schnee" group="avhr-nutzer" mode="660" created="2020-01-07T10:13:48.404+01:00" modified="2020-01-08T14:03:41.179+01:00" filename="1829-04-18_aPolier.xml" mimetype="application/xml">
         <acl entries="0" version="1"/>
     </resource>
-    <resource type="XMLResource" name="1829-11-08_aPolier.xml" skip="no" owner="schnee" group="avhr-nutzer" mode="660" created="2020-01-16T14:06:16+01:00" modified="2020-01-17T15:39:39+01:00" filename="1829-11-08_aPolier.xml" mimetype="application/xml">
+    <resource type="XMLResource" name="1829-11-08_aPolier.xml" skip="no" owner="schnee" group="avhr-nutzer" mode="660" created="2020-01-16T14:06:16.959+01:00" modified="2020-02-07T16:44:36.301+01:00" filename="1829-11-08_aPolier.xml" mimetype="application/xml">
         <acl entries="0" version="1"/>
     </resource>
 </collection>
\ No newline at end of file
diff --git a/RST/Briefe/Weimar/Goethe/__contents__.xml b/home/gordon/backup182/db/projects/avhr/data/RST/Briefe/Weimar/Goethe/__contents__.xml
index ca27f6f..4733a03 100644
--- a/RST/Briefe/Weimar/Goethe/__contents__.xml
+++ b/home/gordon/backup182/db/projects/avhr/data/RST/Briefe/Weimar/Goethe/__contents__.xml
@@ -1,15 +1,15 @@
 <collection xmlns="http://exist.sourceforge.net/NS/exist" name="/db/projects/avhr/data/RST/Briefe/Weimar/Goethe" version="1" owner="schnee" group="avhr-nutzer" mode="770" created="2019-12-16T16:28:15.89+01:00">
     <acl entries="0" version="1"/>
-    <resource type="XMLResource" name="1810_01_03_AvH_an_Goethe_Reg.xml" skip="no" owner="schnee" group="avhr-nutzer" mode="660" created="2019-12-16T17:19:10+01:00" modified="2019-12-17T10:07:14+01:00" filename="1810_01_03_AvH_an_Goethe_Reg.xml" mimetype="application/xml">
+    <resource type="XMLResource" name="1810_01_03_AvH_an_Goethe_Reg.xml" skip="no" owner="schnee" group="avhr-nutzer" mode="660" created="2019-12-16T17:19:10.469+01:00" modified="2019-12-17T10:07:14.216+01:00" filename="1810_01_03_AvH_an_Goethe_Reg.xml" mimetype="application/xml">
         <acl entries="0" version="1"/>
     </resource>
-    <resource type="XMLResource" name="Unbenannt.xml" skip="no" owner="dumont" group="dba" mode="644" created="2019-12-18T13:21:13+01:00" modified="2019-12-18T13:21:13+01:00" filename="Unbenannt.xml" mimetype="application/xml">
+    <resource type="XMLResource" name="Unbenannt.xml" skip="no" owner="dumont" group="dba" mode="644" created="2019-12-18T13:21:13.674+01:00" modified="2019-12-18T13:21:13.674+01:00" filename="Unbenannt.xml" mimetype="application/xml">
         <acl entries="0" version="1"/>
     </resource>
-    <resource type="XMLResource" name="1809_10_05_Goethe_an_AvH.xml" skip="no" owner="schnee" group="avhr-nutzer" mode="660" created="2019-12-17T10:09:07+01:00" modified="2019-12-18T13:30:10+01:00" filename="1809_10_05_Goethe_an_AvH.xml" mimetype="application/xml">
+    <resource type="XMLResource" name="1809_10_05_Goethe_an_AvH.xml" skip="no" owner="schnee" group="avhr-nutzer" mode="660" created="2019-12-17T10:09:07.803+01:00" modified="2019-12-18T13:30:10.116+01:00" filename="1809_10_05_Goethe_an_AvH.xml" mimetype="application/xml">
         <acl entries="0" version="1"/>
     </resource>
-    <resource type="XMLResource" name="1809_07_XX_Goethe_an_AvH.xml" skip="no" owner="schnee" group="avhr-nutzer" mode="660" created="2019-12-17T15:42:24+01:00" modified="2019-12-18T16:31:16+01:00" filename="1809_07_XX_Goethe_an_AvH.xml" mimetype="application/xml">
+    <resource type="XMLResource" name="1809_07_XX_Goethe_an_AvH.xml" skip="no" owner="schnee" group="avhr-nutzer" mode="660" created="2019-12-17T15:42:24.47+01:00" modified="2019-12-18T16:31:16.733+01:00" filename="1809_07_XX_Goethe_an_AvH.xml" mimetype="application/xml">
         <acl entries="0" version="1"/>
     </resource>
 </collection>
\ No newline at end of file
diff --git a/RST/RST_Blatt-Seite.xml b/home/gordon/backup182/db/projects/avhr/data/RST/RST_Blatt-Seite.xml
index 9224204..a116f50 100644
--- a/RST/RST_Blatt-Seite.xml
+++ b/home/gordon/backup182/db/projects/avhr/data/RST/RST_Blatt-Seite.xml
@@ -33,1166 +33,1456 @@
         <body>
             <div>
                 <p/>
-                <table>
+                <table cols="3">
                     <row role="label">
                         <cell>Blatt</cell>
                         <cell>Seite</cell>
+                        <cell>sprache</cell>
                     </row>
                     <row>
                         <cell>0</cell>
                         <cell>keine</cell>
+                        <cell>dfg</cell>
                     </row>
                     <row>
                         <cell>1r</cell>
                         <cell>keine</cell>
+                        <cell/>
                     </row>
                     <row>
                         <cell>1v</cell>
                         <cell>keine</cell>
+                        <cell/>
                     </row>
                     <row>
                         <cell>2r</cell>
                         <cell>keine</cell>
+                        <cell/>
                     </row>
                     <row>
                         <cell>2v</cell>
                         <cell>keine</cell>
+                        <cell/>
                     </row>
                     <row>
                         <cell>3r</cell>
                         <cell>1</cell>
+                        <cell/>
                     </row>
                     <row>
                         <cell>3v</cell>
                         <cell>2</cell>
+                        <cell/>
                     </row>
                     <row>
                         <cell>4r</cell>
                         <cell>3.-</cell>
+                        <cell/>
                     </row>
                     <row>
                         <cell>4v</cell>
                         <cell>4</cell>
+                        <cell/>
                     </row>
                     <row>
                         <cell>5r</cell>
                         <cell>5</cell>
+                        <cell/>
                     </row>
                     <row>
                         <cell>5v</cell>
                         <cell>keine</cell>
+                        <cell/>
                     </row>
                     <row>
                         <cell>6r</cell>
                         <cell>7</cell>
+                        <cell/>
                     </row>
                     <row>
                         <cell>6v</cell>
                         <cell>8</cell>
+                        <cell/>
                     </row>
                     <row>
                         <cell>keine</cell>
                         <cell>9</cell>
+                        <cell/>
                     </row>
                     <row>
                         <cell>keine</cell>
                         <cell>10</cell>
+                        <cell/>
                     </row>
                     <row>
                         <cell>7r</cell>
                         <cell>11</cell>
+                        <cell/>
                     </row>
                     <row>
                         <cell>7v</cell>
                         <cell>12</cell>
+                        <cell/>
                     </row>
                     <row>
                         <cell>pb-Element ohne @n</cell>
                         <cell>keine</cell>
+                        <cell/>
                     </row>
                     <row>
                         <cell>8r</cell>
                         <cell>13</cell>
+                        <cell/>
                     </row>
                     <row>
                         <cell>8v</cell>
                         <cell>14.</cell>
+                        <cell/>
                     </row>
                     <row>
                         <cell>9r</cell>
                         <cell>15</cell>
+                        <cell/>
                     </row>
                     <row>
                         <cell>9v</cell>
                         <cell>16</cell>
+                        <cell/>
                     </row>
                     <row>
                         <cell>10r</cell>
                         <cell>17.</cell>
+                        <cell/>
                     </row>
                     <row>
                         <cell>10v</cell>
                         <cell>18.</cell>
+                        <cell/>
                     </row>
                     <row>
                         <cell>11r</cell>
                         <cell>19</cell>
+                        <cell/>
                     </row>
                     <row>
                         <cell>11v</cell>
                         <cell>20</cell>
+                        <cell/>
                     </row>
                     <row>
                         <cell>12r</cell>
                         <cell>21</cell>
+                        <cell/>
                     </row>
                     <row>
                         <cell>12v</cell>
                         <cell>22</cell>
+                        <cell/>
                     </row>
                     <row>
                         <cell>13r</cell>
                         <cell>23</cell>
+                        <cell/>
                     </row>
                     <row>
                         <cell>13v</cell>
                         <cell>24</cell>
+                        <cell/>
                     </row>
                     <row>
                         <cell>14r</cell>
                         <cell>25</cell>
+                        <cell/>
                     </row>
                     <row>
                         <cell>14v</cell>
                         <cell>26</cell>
+                        <cell/>
                     </row>
                     <row>
                         <cell>15r</cell>
                         <cell>27</cell>
+                        <cell/>
                     </row>
                     <row>
                         <cell>15v</cell>
                         <cell>28</cell>
+                        <cell/>
                     </row>
                     <row>
                         <cell>16r</cell>
                         <cell>29</cell>
+                        <cell/>
                     </row>
                     <row>
                         <cell>16v</cell>
                         <cell>30.</cell>
+                        <cell/>
                     </row>
                     <row>
                         <cell>17r</cell>
                         <cell>31.</cell>
+                        <cell/>
                     </row>
                     <row>
                         <cell>17v</cell>
                         <cell>32</cell>
+                        <cell/>
                     </row>
                     <row>
                         <cell>18r (in add-Element)</cell>
                         <cell>keine</cell>
+                        <cell/>
                     </row>
                     <row>
                         <cell>18r</cell>
                         <cell>33</cell>
+                        <cell/>
                     </row>
                     <row>
                         <cell>18v</cell>
                         <cell>34</cell>
+                        <cell/>
                     </row>
                     <row>
                         <cell>19r</cell>
                         <cell>35</cell>
+                        <cell/>
                     </row>
                     <row>
                         <cell>19v</cell>
                         <cell>36</cell>
+                        <cell/>
                     </row>
                     <row>
                         <cell>20r</cell>
                         <cell>37</cell>
+                        <cell/>
                     </row>
                     <row>
                         <cell>20v</cell>
                         <cell>38</cell>
+                        <cell/>
                     </row>
                     <row>
                         <cell>21r</cell>
                         <cell>39</cell>
+                        <cell/>
                     </row>
                     <row>
                         <cell>21v</cell>
                         <cell>40.</cell>
+                        <cell/>
                     </row>
                     <row>
                         <cell>22r</cell>
                         <cell>41</cell>
+                        <cell/>
                     </row>
                     <row>
                         <cell>22v</cell>
                         <cell>keine</cell>
+                        <cell/>
                     </row>
                     <row>
                         <cell>23r</cell>
                         <cell>43</cell>
+                        <cell/>
                     </row>
                     <row>
                         <cell>23v</cell>
                         <cell>44</cell>
+                        <cell/>
                     </row>
                     <row>
                         <cell>24r</cell>
                         <cell>45</cell>
+                        <cell/>
                     </row>
                     <row>
                         <cell>24v</cell>
                         <cell>46</cell>
+                        <cell/>
                     </row>
                     <row>
                         <cell>25r</cell>
                         <cell>47</cell>
+                        <cell/>
                     </row>
                     <row>
                         <cell>25v</cell>
                         <cell>48</cell>
+                        <cell/>
                     </row>
                     <row>
                         <cell>26r</cell>
                         <cell>49</cell>
+                        <cell/>
                     </row>
                     <row>
                         <cell>26v</cell>
                         <cell>50</cell>
+                        <cell/>
                     </row>
                     <row>
                         <cell>27r</cell>
                         <cell>51</cell>
+                        <cell/>
                     </row>
                     <row>
                         <cell>27v</cell>
                         <cell>52</cell>
+                        <cell/>
                     </row>
                     <row>
                         <cell>28r</cell>
                         <cell>53</cell>
+                        <cell/>
                     </row>
                     <row>
                         <cell>28v</cell>
                         <cell>54</cell>
+                        <cell/>
                     </row>
                     <row>
                         <cell>29r</cell>
                         <cell>55</cell>
+                        <cell/>
                     </row>
                     <row>
                         <cell>29v</cell>
                         <cell>56</cell>
+                        <cell/>
                     </row>
                     <row>
                         <cell>30r</cell>
                         <cell>57</cell>
+                        <cell/>
                     </row>
                     <row>
                         <cell>30v</cell>
                         <cell>58</cell>
+                        <cell/>
                     </row>
                     <row>
                         <cell>31r</cell>
                         <cell>59</cell>
+                        <cell/>
                     </row>
                     <row>
                         <cell>31v</cell>
                         <cell>60</cell>
+                        <cell/>
                     </row>
                     <row>
                         <cell>32r</cell>
                         <cell>61.</cell>
+                        <cell/>
                     </row>
                     <row>
                         <cell>32v</cell>
                         <cell>62</cell>
+                        <cell/>
                     </row>
                     <row>
                         <cell>33r</cell>
                         <cell>63</cell>
+                        <cell/>
                     </row>
                     <row>
                         <cell>33v</cell>
                         <cell>64</cell>
+                        <cell/>
                     </row>
                     <row>
                         <cell>34r</cell>
                         <cell>65</cell>
+                        <cell/>
                     </row>
                     <row>
                         <cell>34v</cell>
                         <cell>66</cell>
+                        <cell/>
                     </row>
                     <row>
                         <cell>35r</cell>
                         <cell>67</cell>
+                        <cell/>
                     </row>
                     <row>
                         <cell>35v</cell>
                         <cell>68</cell>
+                        <cell/>
                     </row>
                     <row>
                         <cell>36r</cell>
                         <cell>69</cell>
+                        <cell/>
                     </row>
                     <row>
                         <cell>36v</cell>
                         <cell>70</cell>
+                        <cell/>
                     </row>
                     <row>
                         <cell>37r</cell>
                         <cell>71</cell>
+                        <cell/>
                     </row>
                     <row>
                         <cell>37v</cell>
                         <cell>72</cell>
+                        <cell/>
                     </row>
                     <row>
                         <cell>38r</cell>
                         <cell>73</cell>
+                        <cell/>
                     </row>
                     <row>
                         <cell>38v</cell>
                         <cell>74</cell>
+                        <cell/>
                     </row>
                     <row>
                         <cell>39r</cell>
                         <cell>75</cell>
+                        <cell/>
                     </row>
                     <row>
                         <cell>39v</cell>
                         <cell>76</cell>
+                        <cell/>
                     </row>
                     <row>
                         <cell>40r</cell>
                         <cell>77</cell>
+                        <cell/>
                     </row>
                     <row>
                         <cell>40v</cell>
                         <cell>78</cell>
+                        <cell/>
                     </row>
                     <row>
                         <cell>41r</cell>
                         <cell>keine</cell>
+                        <cell/>
                     </row>
                     <row>
                         <cell>41v</cell>
                         <cell>keine</cell>
+                        <cell/>
                     </row>
                     <row>
                         <cell>42r</cell>
                         <cell>79</cell>
+                        <cell/>
                     </row>
                     <row>
                         <cell>41r (in note-Element)</cell>
                         <cell>keine</cell>
+                        <cell/>
                     </row>
                     <row>
                         <cell>41v (in note-Element)</cell>
                         <cell>keine</cell>
+                        <cell/>
                     </row>
                     <row>
                         <cell>42v</cell>
                         <cell>80</cell>
+                        <cell/>
                     </row>
                     <row>
                         <cell>43r</cell>
                         <cell>81</cell>
+                        <cell/>
                     </row>
                     <row>
                         <cell>43v</cell>
                         <cell>82</cell>
+                        <cell/>
                     </row>
                     <row>
                         <cell>44r</cell>
                         <cell>83</cell>
+                        <cell/>
                     </row>
                     <row>
                         <cell>44v</cell>
                         <cell>84</cell>
+                        <cell/>
                     </row>
                     <row>
                         <cell>45r</cell>
                         <cell>85</cell>
+                        <cell/>
                     </row>
                     <row>
                         <cell>46r</cell>
                         <cell>87</cell>
+                        <cell/>
                     </row>
                     <row>
                         <cell>46v</cell>
                         <cell>88</cell>
+                        <cell/>
                     </row>
                     <row>
                         <cell>47r</cell>
                         <cell>89</cell>
+                        <cell/>
                     </row>
                     <row>
                         <cell>47v</cell>
                         <cell>90</cell>
+                        <cell/>
                     </row>
                     <row>
                         <cell>48r</cell>
                         <cell>91</cell>
+                        <cell/>
                     </row>
                     <row>
                         <cell>48v</cell>
                         <cell>92</cell>
+                        <cell/>
                     </row>
                     <row>
                         <cell>49r</cell>
                         <cell>93</cell>
+                        <cell/>
                     </row>
                     <row>
                         <cell>49v</cell>
                         <cell>94</cell>
+                        <cell/>
                     </row>
                     <row>
                         <cell>50r</cell>
                         <cell>95</cell>
+                        <cell/>
                     </row>
                     <row>
                         <cell>50v</cell>
                         <cell>96</cell>
+                        <cell/>
                     </row>
                     <row>
                         <cell>51r</cell>
                         <cell>99</cell>
+                        <cell/>
                     </row>
                     <row>
                         <cell>51v</cell>
                         <cell>100</cell>
+                        <cell/>
                     </row>
                     <row>
                         <cell>52r</cell>
                         <cell>101</cell>
+                        <cell/>
                     </row>
                     <row>
                         <cell>52v</cell>
                         <cell>102</cell>
+                        <cell/>
                     </row>
                     <row>
                         <cell>53r</cell>
                         <cell>103</cell>
+                        <cell/>
                     </row>
                     <row>
                         <cell>53v</cell>
                         <cell>104</cell>
+                        <cell/>
                     </row>
                     <row>
                         <cell>54r</cell>
                         <cell>105</cell>
+                        <cell/>
                     </row>
                     <row>
                         <cell>54v</cell>
                         <cell>106</cell>
+                        <cell/>
                     </row>
                     <row>
                         <cell>55r</cell>
                         <cell>107</cell>
+                        <cell/>
                     </row>
                     <row>
                         <cell>55v</cell>
                         <cell>108</cell>
+                        <cell/>
                     </row>
                     <row>
                         <cell>56r</cell>
                         <cell>109</cell>
+                        <cell/>
                     </row>
                     <row>
                         <cell>56v</cell>
                         <cell>110</cell>
+                        <cell/>
                     </row>
                     <row>
                         <cell>57r (in note-Element)</cell>
                         <cell>keine</cell>
+                        <cell/>
                     </row>
                     <row>
                         <cell>57r</cell>
                         <cell>111</cell>
+                        <cell/>
                     </row>
                     <row>
                         <cell>57v</cell>
                         <cell>112</cell>
+                        <cell/>
                     </row>
                     <row>
                         <cell>58r</cell>
                         <cell>113</cell>
+                        <cell/>
                     </row>
                     <row>
                         <cell>58v</cell>
                         <cell>114</cell>
+                        <cell/>
                     </row>
                     <row>
                         <cell>59r</cell>
                         <cell>115</cell>
+                        <cell/>
                     </row>
                     <row>
                         <cell>59v</cell>
                         <cell>116</cell>
+                        <cell/>
                     </row>
                     <row>
                         <cell>60r</cell>
                         <cell>117</cell>
+                        <cell/>
                     </row>
                     <row>
                         <cell>60v</cell>
                         <cell>118</cell>
+                        <cell/>
                     </row>
                     <row>
                         <cell>61r</cell>
                         <cell>119</cell>
+                        <cell/>
                     </row>
                     <row>
                         <cell>61v</cell>
                         <cell>120</cell>
+                        <cell/>
                     </row>
                     <row>
                         <cell>62r</cell>
                         <cell>121</cell>
+                        <cell/>
                     </row>
                     <row>
                         <cell>62v</cell>
                         <cell>122</cell>
+                        <cell/>
                     </row>
                     <row>
                         <cell>63r</cell>
                         <cell>keine</cell>
+                        <cell/>
                     </row>
                     <row>
                         <cell>63v</cell>
                         <cell>keine</cell>
+                        <cell/>
                     </row>
                     <row>
                         <cell>64r</cell>
                         <cell>keine</cell>
+                        <cell/>
                     </row>
                     <row>
                         <cell>64v</cell>
                         <cell>keine</cell>
+                        <cell/>
                     </row>
                     <row>
                         <cell>65r</cell>
                         <cell>keine</cell>
+                        <cell/>
                     </row>
                     <row>
                         <cell>65v</cell>
                         <cell>keine</cell>
+                        <cell/>
                     </row>
                     <row>
                         <cell>66r</cell>
                         <cell>keine</cell>
+                        <cell/>
                     </row>
                     <row>
                         <cell>66v</cell>
                         <cell>keine</cell>
+                        <cell/>
                     </row>
                     <row>
                         <cell>67r</cell>
                         <cell>keine</cell>
+                        <cell/>
                     </row>
                     <row>
                         <cell>67v</cell>
                         <cell>keine</cell>
+                        <cell/>
                     </row>
                     <row>
                         <cell>68r</cell>
                         <cell>keine</cell>
+                        <cell/>
                     </row>
                     <row>
                         <cell>68v</cell>
                         <cell>keine</cell>
+                        <cell/>
                     </row>
                     <row>
                         <cell>69r</cell>
                         <cell>keine</cell>
+                        <cell/>
                     </row>
                     <row>
                         <cell>69v</cell>
                         <cell>keine</cell>
+                        <cell/>
                     </row>
                     <row>
                         <cell>70r</cell>
                         <cell>keine</cell>
+                        <cell/>
                     </row>
                     <row>
                         <cell>70v</cell>
                         <cell>keine</cell>
+                        <cell/>
                     </row>
                     <row>
                         <cell>71r</cell>
                         <cell>87</cell>
+                        <cell/>
                     </row>
                     <row>
                         <cell>71v</cell>
                         <cell>87</cell>
+                        <cell/>
                     </row>
                     <row>
                         <cell>72r</cell>
                         <cell>keine</cell>
+                        <cell/>
                     </row>
                     <row>
                         <cell>72v</cell>
                         <cell>keine</cell>
+                        <cell/>
                     </row>
                     <row>
                         <cell>73r</cell>
                         <cell>keine</cell>
+                        <cell/>
                     </row>
                     <row>
                         <cell>73v</cell>
                         <cell>keine</cell>
+                        <cell/>
                     </row>
                     <row>
                         <cell>74r</cell>
                         <cell>121</cell>
+                        <cell/>
                     </row>
                     <row>
                         <cell>74v</cell>
                         <cell>keine</cell>
+                        <cell/>
                     </row>
                     <row>
                         <cell>75r</cell>
                         <cell>119</cell>
+                        <cell/>
                     </row>
                     <row>
                         <cell>75v</cell>
                         <cell>keine</cell>
+                        <cell/>
                     </row>
                     <row>
                         <cell>76r</cell>
                         <cell>keine</cell>
+                        <cell/>
                     </row>
                     <row>
                         <cell>76v</cell>
                         <cell>keine</cell>
+                        <cell/>
                     </row>
                     <row>
                         <cell>77r</cell>
                         <cell>115</cell>
+                        <cell/>
                     </row>
                     <row>
                         <cell>77v</cell>
                         <cell>keine</cell>
+                        <cell/>
                     </row>
                     <row>
                         <cell>78r</cell>
                         <cell>keine</cell>
+                        <cell/>
                     </row>
                     <row>
                         <cell>78v</cell>
                         <cell>112</cell>
+                        <cell/>
                     </row>
                     <row>
                         <cell>79r</cell>
                         <cell>111</cell>
+                        <cell/>
                     </row>
                     <row>
                         <cell>79v</cell>
                         <cell>110</cell>
+                        <cell/>
                     </row>
                     <row>
                         <cell>80r</cell>
                         <cell>keine</cell>
+                        <cell/>
                     </row>
                     <row>
                         <cell>80v</cell>
                         <cell>keine</cell>
+                        <cell/>
                     </row>
                     <row>
                         <cell>81r</cell>
                         <cell>109</cell>
+                        <cell/>
                     </row>
                     <row>
                         <cell>81v</cell>
                         <cell>108</cell>
+                        <cell/>
                     </row>
                     <row>
                         <cell>82r</cell>
                         <cell>107</cell>
+                        <cell/>
                     </row>
                     <row>
                         <cell>82v</cell>
                         <cell>106</cell>
+                        <cell/>
                     </row>
                     <row>
                         <cell>83r</cell>
                         <cell>105</cell>
+                        <cell/>
                     </row>
                     <row>
                         <cell>83v</cell>
                         <cell>104</cell>
+                        <cell/>
                     </row>
                     <row>
                         <cell>84r</cell>
                         <cell>103</cell>
+                        <cell/>
                     </row>
                     <row>
                         <cell>84v</cell>
                         <cell>102</cell>
+                        <cell/>
                     </row>
                     <row>
                         <cell>85r</cell>
                         <cell>101</cell>
+                        <cell/>
                     </row>
                     <row>
                         <cell>85v</cell>
                         <cell>100</cell>
+                        <cell/>
                     </row>
                     <row>
                         <cell>86r</cell>
                         <cell>99</cell>
+                        <cell/>
                     </row>
                     <row>
                         <cell>86v</cell>
                         <cell>98</cell>
+                        <cell/>
                     </row>
                     <row>
                         <cell>87r</cell>
                         <cell>97</cell>
+                        <cell/>
                     </row>
                     <row>
                         <cell>87v</cell>
                         <cell>96</cell>
+                        <cell/>
                     </row>
                     <row>
                         <cell>88r</cell>
                         <cell>95</cell>
+                        <cell/>
                     </row>
                     <row>
                         <cell>88v</cell>
                         <cell>94</cell>
+                        <cell/>
                     </row>
                     <row>
                         <cell>89r</cell>
                         <cell>93</cell>
+                        <cell/>
                     </row>
                     <row>
                         <cell>89v</cell>
                         <cell>92</cell>
+                        <cell/>
                     </row>
                     <row>
                         <cell>90r</cell>
                         <cell>91</cell>
+                        <cell/>
                     </row>
                     <row>
                         <cell>90v</cell>
                         <cell>keine</cell>
+                        <cell/>
                     </row>
                     <row>
                         <cell>91r</cell>
                         <cell>keine</cell>
+                        <cell/>
                     </row>
                     <row>
                         <cell>91v</cell>
                         <cell>88</cell>
+                        <cell/>
                     </row>
                     <row>
                         <cell>92r</cell>
                         <cell>keine</cell>
+                        <cell/>
                     </row>
                     <row>
                         <cell>92v</cell>
                         <cell>keine</cell>
+                        <cell/>
                     </row>
                     <row>
                         <cell>93r</cell>
                         <cell>87</cell>
+                        <cell/>
                     </row>
                     <row>
                         <cell>93v</cell>
                         <cell>keine</cell>
+                        <cell/>
                     </row>
                     <row>
                         <cell>94r</cell>
                         <cell>85</cell>
+                        <cell/>
                     </row>
                     <row>
                         <cell>94v</cell>
                         <cell>84</cell>
+                        <cell/>
                     </row>
                     <row>
                         <cell>95r</cell>
                         <cell>83</cell>
+                        <cell/>
                     </row>
                     <row>
                         <cell>95v</cell>
                         <cell>82</cell>
+                        <cell/>
                     </row>
                     <row>
                         <cell>97r</cell>
                         <cell>81</cell>
+                        <cell/>
                     </row>
                     <row>
                         <cell>96r</cell>
                         <cell>keine</cell>
+                        <cell/>
                     </row>
                     <row>
                         <cell>96v</cell>
                         <cell>keine</cell>
+                        <cell/>
                     </row>
                     <row>
                         <cell>97v</cell>
                         <cell>80</cell>
+                        <cell/>
                     </row>
                     <row>
                         <cell>98r</cell>
                         <cell>79</cell>
+                        <cell/>
                     </row>
                     <row>
                         <cell>98v</cell>
                         <cell>78</cell>
+                        <cell/>
                     </row>
                     <row>
                         <cell>99r</cell>
                         <cell>keine</cell>
+                        <cell/>
                     </row>
                     <row>
                         <cell>99v</cell>
                         <cell>keine</cell>
+                        <cell/>
                     </row>
                     <row>
                         <cell>100r</cell>
                         <cell>77</cell>
+                        <cell/>
                     </row>
                     <row>
                         <cell>100v</cell>
                         <cell>76</cell>
+                        <cell/>
                     </row>
                     <row>
                         <cell>101r</cell>
                         <cell>75</cell>
+                        <cell/>
                     </row>
                     <row>
                         <cell>101v</cell>
                         <cell>74</cell>
+                        <cell/>
                     </row>
                     <row>
                         <cell>102r</cell>
                         <cell>73</cell>
+                        <cell/>
                     </row>
                     <row>
                         <cell>102v</cell>
                         <cell>72</cell>
+                        <cell/>
                     </row>
                     <row>
                         <cell>103r</cell>
                         <cell>71</cell>
+                        <cell/>
                     </row>
                     <row>
                         <cell>103v</cell>
                         <cell>70</cell>
+                        <cell/>
                     </row>
                     <row>
                         <cell>104r</cell>
                         <cell>keine</cell>
+                        <cell/>
                     </row>
                     <row>
                         <cell>104v</cell>
                         <cell>keine</cell>
+                        <cell/>
                     </row>
                     <row>
                         <cell>105r</cell>
                         <cell>69</cell>
+                        <cell/>
                     </row>
                     <row>
                         <cell>105v</cell>
                         <cell>68</cell>
+                        <cell/>
                     </row>
                     <row>
                         <cell>106r</cell>
                         <cell>67</cell>
+                        <cell/>
                     </row>
                     <row>
                         <cell>106v</cell>
                         <cell>66</cell>
+                        <cell/>
                     </row>
                     <row>
                         <cell>107r</cell>
                         <cell>65</cell>
+                        <cell/>
                     </row>
                     <row>
                         <cell>107v</cell>
                         <cell>64</cell>
+                        <cell/>
                     </row>
                     <row>
                         <cell>108r</cell>
                         <cell>63</cell>
+                        <cell/>
                     </row>
                     <row>
                         <cell>108v</cell>
                         <cell>62</cell>
+                        <cell/>
                     </row>
                     <row>
                         <cell>109r</cell>
                         <cell>61</cell>
+                        <cell/>
                     </row>
                     <row>
                         <cell>109v</cell>
                         <cell>60</cell>
+                        <cell/>
                     </row>
                     <row>
                         <cell>110r</cell>
                         <cell>59</cell>
+                        <cell/>
                     </row>
                     <row>
                         <cell>110v</cell>
                         <cell>58</cell>
+                        <cell/>
                     </row>
                     <row>
                         <cell>111r</cell>
                         <cell>53</cell>
+                        <cell/>
                     </row>
                     <row>
                         <cell>112v</cell>
                         <cell>52</cell>
+                        <cell/>
                     </row>
                     <row>
                         <cell>113r</cell>
                         <cell>keine</cell>
+                        <cell/>
                     </row>
                     <row>
                         <cell>113v</cell>
                         <cell>keine</cell>
+                        <cell/>
                     </row>
                     <row>
                         <cell>114r</cell>
                         <cell>48</cell>
+                        <cell/>
                     </row>
                     <row>
                         <cell>114v</cell>
                         <cell>keine</cell>
+                        <cell/>
                     </row>
                     <row>
                         <cell>115r</cell>
                         <cell>keine</cell>
+                        <cell/>
                     </row>
                     <row>
                         <cell>115v</cell>
                         <cell>keine</cell>
+                        <cell/>
                     </row>
                     <row>
                         <cell>120v</cell>
                         <cell>keine</cell>
+                        <cell/>
                     </row>
                     <row>
                         <cell>121r</cell>
                         <cell>keine</cell>
+                        <cell/>
                     </row>
                     <row>
                         <cell>121v</cell>
                         <cell>keine</cell>
+                        <cell/>
                     </row>
                     <row>
                         <cell>122r</cell>
                         <cell>keine</cell>
+                        <cell/>
                     </row>
                     <row>
                         <cell>122v</cell>
                         <cell>35</cell>
+                        <cell/>
                     </row>
                     <row>
                         <cell>123r</cell>
                         <cell>34</cell>
+                        <cell/>
                     </row>
                     <row>
                         <cell>123v</cell>
                         <cell>keine</cell>
+                        <cell/>
                     </row>
                     <row>
                         <cell>124r</cell>
                         <cell>32</cell>
+                        <cell/>
                     </row>
                     <row>
                         <cell>124v</cell>
                         <cell>31</cell>
+                        <cell/>
                     </row>
                     <row>
                         <cell>125r</cell>
                         <cell>30</cell>
+                        <cell/>
                     </row>
                     <row>
                         <cell>125v</cell>
                         <cell>29</cell>
+                        <cell/>
                     </row>
                     <row>
                         <cell>126r</cell>
                         <cell>28</cell>
+                        <cell/>
                     </row>
                     <row>
                         <cell>126v</cell>
                         <cell>27</cell>
+                        <cell/>
                     </row>
                     <row>
                         <cell>127r</cell>
                         <cell>26</cell>
+                        <cell/>
                     </row>
                     <row>
                         <cell>127v</cell>
                         <cell>25</cell>
+                        <cell/>
                     </row>
                     <row>
                         <cell>128r</cell>
                         <cell>keine</cell>
+                        <cell/>
                     </row>
                     <row>
                         <cell>128v</cell>
                         <cell>23</cell>
+                        <cell/>
                     </row>
                     <row>
                         <cell>129r</cell>
                         <cell>22</cell>
+                        <cell/>
                     </row>
                     <row>
                         <cell>129v</cell>
                         <cell>keine</cell>
+                        <cell/>
                     </row>
                     <row>
                         <cell>130r</cell>
                         <cell>19</cell>
+                        <cell/>
                     </row>
                     <row>
                         <cell>130v</cell>
                         <cell>keine</cell>
+                        <cell/>
                     </row>
                     <row>
                         <cell>131r</cell>
                         <cell>keine</cell>
+                        <cell/>
                     </row>
                     <row>
                         <cell>131v</cell>
                         <cell>17</cell>
+                        <cell/>
                     </row>
                     <row>
                         <cell>132r</cell>
                         <cell>16</cell>
+                        <cell/>
                     </row>
                     <row>
                         <cell>132v</cell>
                         <cell>15</cell>
+                        <cell/>
                     </row>
                     <row>
                         <cell>133r</cell>
                         <cell>14</cell>
+                        <cell/>
                     </row>
                     <row>
                         <cell>133v</cell>
                         <cell>13</cell>
+                        <cell/>
                     </row>
                     <row>
                         <cell>134r</cell>
                         <cell>12</cell>
+                        <cell/>
                     </row>
                     <row>
                         <cell>134v</cell>
                         <cell>11</cell>
+                        <cell/>
                     </row>
                     <row>
                         <cell>135r</cell>
                         <cell>10</cell>
+                        <cell/>
                     </row>
                     <row>
                         <cell>135v</cell>
                         <cell>9</cell>
+                        <cell/>
                     </row>
                     <row>
                         <cell>136r</cell>
                         <cell>8</cell>
+                        <cell/>
                     </row>
                     <row>
                         <cell>136v</cell>
                         <cell>7</cell>
+                        <cell/>
                     </row>
                     <row>
                         <cell>137r</cell>
                         <cell>keine</cell>
+                        <cell/>
                     </row>
                     <row>
                         <cell>137v</cell>
                         <cell>5</cell>
+                        <cell/>
                     </row>
                     <row>
                         <cell>138r</cell>
                         <cell>4</cell>
+                        <cell/>
                     </row>
                     <row>
                         <cell>138v</cell>
                         <cell>3</cell>
+                        <cell/>
                     </row>
                     <row>
                         <cell>139r</cell>
                         <cell>2</cell>
+                        <cell/>
                     </row>
                     <row>
                         <cell>139v</cell>
                         <cell>6</cell>
+                        <cell/>
                     </row>
                     <row>
                         <cell>140r</cell>
                         <cell>keine</cell>
+                        <cell/>
                     </row>
                     <row>
                         <cell>140v</cell>
                         <cell>keine</cell>
+                        <cell/>
                     </row>
                     <row>
                         <cell>141r</cell>
                         <cell>keine</cell>
+                        <cell/>
                     </row>
                     <row>
                         <cell>141v</cell>
                         <cell>keine</cell>
+                        <cell/>
                     </row>
                     <row>
                         <cell>142r</cell>
                         <cell>keine</cell>
+                        <cell/>
                     </row>
                     <row>
                         <cell>142v</cell>
                         <cell>keine</cell>
+                        <cell/>
                     </row>
                     <row>
                         <cell>143r</cell>
                         <cell>keine</cell>
+                        <cell/>
                     </row>
                     <row>
                         <cell>143v</cell>
                         <cell>keine</cell>
+                        <cell/>
                     </row>
                     <row>
                         <cell>144r</cell>
                         <cell>keine</cell>
+                        <cell/>
                     </row>
                     <row>
                         <cell>144v</cell>
                         <cell>keine</cell>
+                        <cell/>
                     </row>
                     <row>
                         <cell>145r</cell>
                         <cell>keine</cell>
+                        <cell/>
                     </row>
                     <row>
                         <cell>145v</cell>
                         <cell>keine</cell>
+                        <cell/>
                     </row>
                     <row>
                         <cell>146r</cell>
                         <cell>keine</cell>
+                        <cell/>
                     </row>
                     <row>
                         <cell>146v</cell>
                         <cell>keine</cell>
+                        <cell/>
                     </row>
                     <row>
                         <cell>147r</cell>
                         <cell>keine</cell>
+                        <cell/>
                     </row>
                 </table>
             </div>
diff --git a/RST/RST_II_01r-58v.xml b/home/gordon/backup182/db/projects/avhr/data/RST/RST_II_01r-58v.xml
index 37737e1..ff3062c 100644
--- a/RST/RST_II_01r-58v.xml
+++ b/home/gordon/backup182/db/projects/avhr/data/RST/RST_II_01r-58v.xml
@@ -31,7 +31,25 @@
                         <forename>Regina</forename>
                     </persName>
                     <resp>
-                        <note type="remarkResponsibility">Mitarbeit</note>
+                        <note type="remarkResponsibility">Transkription</note>
+                    </resp>
+                </respStmt>
+                <respStmt>
+                    <persName ref="1099960843">
+                        <surname>Lülfing</surname>
+                        <forename>Gisela</forename>
+                    </persName>
+                    <resp>
+                        <note type="remarkResponsibility">Transkription</note>
+                    </resp>
+                </respStmt>
+                <respStmt>
+                    <persName ref="">
+                        <surname>Bergmann</surname>
+                        <forename>Bärbel</forename>
+                    </persName>
+                    <resp>
+                        <note type="remarkResponsibility">Transkription</note>
                     </resp>
                 </respStmt>
             </titleStmt>
@@ -45,6 +63,13 @@
                         Wissenschaften (BBAW)</ref></publisher>
                 <pubPlace ref="http://www.geonames.org/2950159">Berlin</pubPlace>
             </publicationStmt>
+            <notesStmt>
+                <note type="editorial">
+                    <p>Die Erstranskription des Manuskripts wurde von Gisel Lülfing und in der Folge
+                        von Bärbel Bergmann in den 19XX Jahren vorgenommen. Regina Mikosch hat diese
+                        Arbeit ab 2017 fortgesetzt.</p>
+                </note>
+            </notesStmt>
             <sourceDesc>
                 <msDesc rend="manuscript">
                     <msIdentifier>
@@ -53,7 +78,7 @@
                         <idno/>
                     </msIdentifier>
                     <physDesc>
-                        <p>Quart, 123 Blatt </p>
+                        <p>Quart, 123 Blatt.  </p>
                     </physDesc>
                 </msDesc>
             </sourceDesc>
diff --git a/RST/RST_II_59r-99v.xml b/home/gordon/backup182/db/projects/avhr/data/RST/RST_II_59r-99v.xml
index 3d23a39..3223240 100644
--- a/RST/RST_II_59r-99v.xml
+++ b/home/gordon/backup182/db/projects/avhr/data/RST/RST_II_59r-99v.xml
@@ -10272,18 +10272,20 @@ in der ETH Zürich/Bibliothek"?>Colletio
                         <lb/><gap reason="illegible" unit="words" quantity="1"/> an Bode mitgetheilt
                         und im JBuch für 1809 10 <gap reason="illegible" unit="words" quantity="1"/>
                         bekannt gemacht. Schubert's konnte sich also <lb/>der </note>,4 Paris)
-                    gefunden, in dem der Gang der Chrono<gap reason="lost" unit="chars" quantity="1"/>
-                    <lb/>meter im Mittel von Tomsk
+                    gefunden, in dem der Gang der Chrono <lb/>meter im Mittel von Tomsk
                         <?oxy_comment_start author="mikosch" timestamp="20191119T121911+0100" comment="Wort gestrichen"?><del rendition="#s"/><?oxy_comment_end?> und Barnaul angenommen ist respective „
                     + 5,<gap reason="lost" unit="chars" quantity="1"/>
                     <note place="left" hand="#author"><?oxy_comment_start author="mikosch" timestamp="20191119T122506+0100" comment="kann auch von Humboldt sein"?>!!!<?oxy_comment_end?></note>
-                    <lb/>+ 2'',12. Vergleicht man diese Längen mit den aus <gap reason="illegible" unit="chars" quantity="2"/> abgeleiteten, so findet man <lb/>daß die 1ste
-                    ist 49' 5'', die 2te 39' 46'', die 3te 20' 31'' im Bogen oder in Zeit <lb/>3'
-                    16'', 2' 39''<del rendition="#s">,</del> und 1' 22'' zu <gap reason="illegible" unit="words" quantity="1"/>. So viel können unmöglich die ☽ <gap reason="illegible" unit="words" quantity="1"/> fassen und <gap reason="lost" unit="words" quantity="1"/>
-                    <lb/>also klar, daß beyde <gap reason="illegible" unit="words" quantity="1"/><del rendition="#s">,</del> auch <gap reason="illegible" unit="words" quantity="1"/>, wie an andern Orten, wegen des Wagentransports <gap reason="lost" unit="words" quantity="1"/>
-                    <lb/>von Tomsk einen langsameren Gang gehabt haben. Dadurch <note place="mBottom" hand="#author">(nn) das <gap reason="illegible" unit="words" quantity="1"/> ist nicht ein s</note> NO ist durch <gap reason="illegible" unit="chars" quantity="1"/> Abstand <gap reason="lost" unit="words" quantity="1"/>
-                    <lb/>fundenen Längen <gap reason="illegible" unit="words" quantity="1"/>. Bey
-                    Puncte </p>
+                    <lb/>+ 2'',12. Vergleicht man diese Längen mit den aus Mond☽ Abständen
+                    abgeleiteten, so findet man, <lb/>daß die 1ste ist 49' 5'', die 2te 39' 46'',
+                    die 3te 20' 31'' im Bogen oder in Zeit <lb/>3' 16'', 2' 39''<del rendition="#s">,</del> und 1' 22'' zu gross. So viel können unmöglich die ☽ Abstände
+                    fehlen und <gap reason="lost" unit="words" quantity="1"/>
+                    <lb/>also klar, daß beyde Uhren auch hier<del rendition="#s">,</del> wie an
+                    andern Orten, während des Wagentransports <gap reason="lost" unit="words" quantity="1"/>
+                    <lb/>von Tomsk einen langsameren Gang gehabt haben. Dadurch <note place="mBottom" hand="#author">(nn) das <gap reason="illegible" unit="words" quantity="1"/> ist nicht ein s</note> dass die durch
+                    Mond☽Abstände ge<lb break="no"/>fundenen Längen dieser drey Punkte als
+                    richtig annahm und den Uhrenabstand hier <gap reason="lost" unit="words" quantity="1"/>
+                    <lb/>demjenigen in Tomsk verglich, habe ich durch Mittel  gefunden der Uhren </p>
                 <p>
                     <table rows="4" cols="4">
                         <row>
@@ -10315,8 +10317,8 @@ in der ETH Zürich/Bibliothek"?>Colletio
                 </p>
                 <p>Der Gang beyder Uhren war also zwischen 6
                     <?oxy_comment_start author="mikosch" timestamp="20200114T122420+0100" comment="oder durchgestrichen"?>st<?oxy_comment_end?>
-                    und 7 Secunden. Sorgsamer wegen des Transpor<gap reason="lost" unit="words" quantity="1"/>
-                    <lb/><gap reason="illegible" unit="words" quantity="1"/> in der Ruhe. Mit <note place="left" hand="#author">p. 110 <gap reason="illegible" unit="words" quantity="1"/>
+                    und 7 Secunden. Langsamer wegen des Transpor<gap reason="lost" unit="words" quantity="1"/>
+                    <lb/>als in der Ruhe. Mit <note place="left" hand="#author">p. 110 <gap reason="illegible" unit="words" quantity="1"/>
                         <lb/><gap reason="illegible" unit="words" quantity="1"/>
                         <lb/> Nachrichten </note>
                 </p>
@@ -10390,10 +10392,9 @@ in der ETH Zürich/Bibliothek"?>Colletio
                             <cell/>
                         </row>
                     </table></p>
-                <p>den vier ☽ Abständen in Isalbaschkoi ist nur das Gewicht 2 gegeben, da sie
-                    als weniger  <lb/>gut angezeichnet sind. Durch die von den Chronometern oben
-                    angegebenen Zeit–Unterschiede  <lb/>wurden also folgende Längen gefunden:
-                        <table rows="4" cols="3">
+                <p>den vier ☽ Abständen in Isalbaschkoi ist nur das Gewicht 2 gegeben, da sie als
+                    weniger <lb/>gut angezeichnet sind. Durch die von den Chronometern oben
+                    angegebenen Zeit–Unterschiede <lb/>wurden also folgende Längen gefunden: <table rows="4" cols="3">
                         <row>
                             <cell/>
                             <cell/>
@@ -10415,10 +10416,127 @@ in der ETH Zürich/Bibliothek"?>Colletio
                             <cell>  + 32'',0</cell>
                         </row>
                     </table></p>
-                <p>Folgende
-                    <?oxy_comment_start author="mikosch" timestamp="20200212T102715+0100" comment="https://books.google.de/books?id=1mI_AAAAcAAJ&amp;pg=PA109&amp;lpg=PA109&amp;dq=Semijarskoi&amp;source=bl&amp;ots=z3Q62E35Nl&amp;sig=ACfU3U2VXm6UaTU8ce90RoomFPud5fYdaQ&amp;hl=de&amp;sa=X&amp;ved=2ahUKEwjotNCk2MvnAhWS2qQKHY81A2EQ6AEwAXoECAoQAQ#v=onepage&amp;q=Semijarskoi&amp;f=false"?>Tabelle<?oxy_comment_end?>
-                    enthält die geogr. Länge der befestigten Puncte auf der Kirgisischen Linie
-                    <lb/>längs dem Flusse Irtysch: </p>
+                <p>Folgende Tabelle enthält die geogr. Länge der befestigten Puncte auf der
+                    Kirgisischen Linie <lb/>längs dem Flusse Irtysch: <table rows="15" cols="5">
+                        <row>
+                            <cell/>
+                            <cell>Breite </cell>
+                            <cell>Zeitunterschied </cell>
+                            <cell>Unterschied vom  <lb/>Mittel</cell>
+                            <cell>Länge von Ferro </cell>
+                        </row>
+                        <row>
+                            <cell><hi rendition="#u">Tomsk</hi>, Stadt </cell>
+                            <cell>56° 29' 25'',7.</cell>
+                            <cell>5. 3.1 18,4.</cell>
+                            <cell>…</cell>
+                            <cell>102° 49' 36''</cell>
+                        </row>
+                        <row>
+                            <cell><hi rendition="#u">Barnaul</hi>, Stadt </cell>
+                            <cell>53. 19. 50 ,8.</cell>
+                            <cell>5. 26. 26,8.</cell>
+                            <cell>– 3'',1</cell>
+                            <cell>101. 36. 42'' <note place="inline" hand="#H0012069">*</note></cell>
+                        </row>
+                        <row>
+                            <cell rendition="#right">Protawskaya Griva Post<g ref="#typoHyphen"/>station </cell>
+                            <cell>51. 47.  4 ,4.</cell>
+                            <cell>5. 21.  1,3.</cell>
+                            <cell>– 1 ,8</cell>
+                            <cell>100. 15. 20.</cell>
+                        </row>
+                        <row>
+                            <cell>Zmeinogorsk, Bergwerk</cell>
+                            <cell>51.  9. 18 ,2.</cell>
+                            <cell>5. 19. 59,7.</cell>
+                            <cell>– 0 ,7</cell>
+                            <cell> 99. 59. 55.</cell>
+                        </row>
+                        <row>
+                            <cell>Schulbinskoi Vorposten</cell>
+                            <cell>50. 23.  6 ,9.</cell>
+                            <cell>5. 15. 36,5.</cell>
+                            <cell>+ 2 ,4</cell>
+                            <cell> 98. 54.  8.</cell>
+                        </row>
+                        <row>
+                            <cell>Semipalatinsk (Stadt)</cell>
+                            <cell>50. 24.  2 ,3</cell>
+                            <cell>5. 12.  3,7.</cell>
+                            <cell>+ 3 ,2</cell>
+                            <cell> 98.  0. 56.</cell>
+                        </row>
+                        <row>
+                            <cell>Semijarskoi Vorp:</cell>
+                            <cell>50. 53.  9 ,1.</cell>
+                            <cell>5.  4.  2,4.</cell>
+                            <cell>– 0 ,7</cell>
+                            <cell> 96.  0. 36.</cell>
+                        </row>
+                        <row>
+                            <cell>Semijewskaya, Festung</cell>
+                            <cell>51. 50. 15 ,6.</cell>
+                            <cell>5.  0. 23,6.</cell>
+                            <cell>– 1 ,9</cell>
+                            <cell> 95.  5. <del rendition="#s">34</del> 54''</cell>
+                        </row>
+                        <row>
+                            <cell>Pokrowskoi Postst.</cell>
+                            <cell>54. 33. 22 ,7.</cell>
+                            <cell>4. 47.  1,4.</cell>
+                            <cell>– 0 ,9</cell>
+                            <cell> 91. 45. 21.</cell>
+                        </row>
+                        <row>
+                            <cell><hi rendition="#u">Omsk</hi>, Stadt</cell>
+                            <cell>54. 59. 16 ,8.</cell>
+                            <cell>4. 43. <?oxy_comment_start author="mikosch" timestamp="20200204T122233+0100" comment="durchgestrichen oder unterstrichen"?>57,7<?oxy_comment_end?>.</cell>
+                            <cell>– 0 ,4</cell>
+                            <cell> 90. 59. 25.</cell>
+                        </row>
+                        <row>
+                            <cell><hi rendition="#u">Petropa<?oxy_comment_start author="mikosch" timestamp="20200204T101858+0100" comment="kann auch u oder v sein"?>w<?oxy_comment_end?>lowsk</hi>,
+                                Festung</cell>
+                            <cell>54. 52. 32 ,4.</cell>
+                            <cell>4. 26. <?oxy_comment_start author="mikosch" timestamp="20200204T122702+0100" comment="durchgestrichen oder unterstrichen"?>28,7<?oxy_comment_end?>.</cell>
+                            <cell>+ 4 ,2</cell>
+                            <cell> 86. 37. 10.</cell>
+                        </row>
+                        <row>
+                            <cell>Novorybinskoi, Redoute</cell>
+                            <cell>54. 39. 16 ,7.</cell>
+                            <cell>4 19. 49,5.</cell>
+                            <cell>+ 2 ,9</cell>
+                            <cell> 84. 57. 22.</cell>
+                        </row>
+                        <row>
+                            <cell><?oxy_comment_start author="mikosch" timestamp="20200204T103043+0100" comment="fraglich"?>Presnogorskaya<?oxy_comment_end?>,
+                                Festung</cell>
+                            <cell>54. 29. 35 ,5.</cell>
+                            <cell>4 13. 17,2.</cell>
+                            <cell>+ 0 ,9</cell>
+                            <cell> 83. 19. 18.</cell>
+                        </row>
+                        <row>
+                            <cell>Kolscherdinskoi, Redoute</cell>
+                            <cell>54. 21.  0 ,0.</cell>
+                            <cell>4.  7.  2 ,8.</cell>
+                            <cell>+ 5 ,2</cell>
+                            <cell> 81. 45. 42.</cell>
+                        </row>
+                    </table></p>
+                <p><note place="right" hand="#H0012069">* mais d' <lb/>après le Bulle<lb break="no"/>tin de  <lb/>Moscou (Bibl. <gap reason="illegible" unit="words" quantity="1"/>
+                        <lb/>Août 1830  <lb/>p 409)  <lb/>Barnaoul  <lb/>101 47' 2  <lb/>Yeniseik,
+                        <lb/>109 51 41  <lb/>ainsi aussi  <lb/>mon MSS.  <lb/>II, 29.</note></p>
+                <p>Die 3te Columne enthält die Anzahl Secunden, die zu dem durch Mittel aus beiden
+                    Chronom: gefundenen Zeit<g ref="#typoHyphen"/><lb break="no"/>unterschiede von
+                    Paris gelegt werden muss, um herauszubringen, was Nr. 1259 allein gegeben hat,
+                    oder den  <lb/>halben Unterschied zwischen beyden Chronometern. </p>
+                <p>Die Länge Barnauls wird von Islenieff angegeben „ 101° 6' 45'', und ist mithin
+                    unzweifelhaft ½ Grad  <lb/>zu 111. </p>
+                <milestone unit="section" rendition="#hr"/>
+                <p/>
             </div>
         </body>
     </text>
diff --git a/RST/RST_I_1r-69v_TK.xml b/home/gordon/backup182/db/projects/avhr/data/RST/RST_I_1r-69v_TK.xml
index 070c3ca..9271270 100644
--- a/RST/RST_I_1r-69v_TK.xml
+++ b/home/gordon/backup182/db/projects/avhr/data/RST/RST_I_1r-69v_TK.xml
@@ -3,15 +3,16 @@
     <teiHeader>
         <fileDesc>
             <titleStmt>
-                <title>Fragmente des Sibirischen Reise-Journals 1829 (TK, bis 69v)</title>
+                <title>Fragmente des Sibirischen Reise-Journals 1829 [= Tagebücher der
+                    Russisch-Sibirischen Reise I] (TK, bis 69v)</title>
                 <editor>
-                    <persName ref="http://d-nb.info/gnd/1017902623">
+                    <persName ref="http://d-nb.info/gnd/1017902623" xml:id="TK">
                         <surname>Kraft</surname>
                         <forename>Tobias</forename>
                     </persName>
                 </editor>
                 <editor>
-                    <persName ref="">
+                    <persName ref="" xml:id="FS">
                         <surname>Schnee</surname>
                         <forename>Florian</forename>
                     </persName>
@@ -31,7 +32,16 @@
                         <forename>Regina</forename>
                     </persName>
                     <resp>
-                        <note type="remarkResponsibility">Mitarbeit</note>
+                        <note type="remarkResponsibility">Transkription</note>
+                    </resp>
+                </respStmt>
+                <respStmt>
+                    <persName ref="1099960843">
+                        <surname>Lülfing</surname>
+                        <forename>Gisela</forename>
+                    </persName>
+                    <resp>
+                        <note type="remarkResponsibility">Transkription</note>
                     </resp>
                 </respStmt>
             </titleStmt>
@@ -54,12 +64,15 @@
                         erklärt sich auch die doppelte Paginierung von Humboldts Hand. Später wurde
                         von unbekannter Hand eine durchgehende Foliierung mit Bleistift hinzugefügt
                         (vgl. <bibl sameAs="zotero-667230-TE3QBUCZ">Honigmann 2014</bibl>, 72). </p>
-                    <p>Die Datierung der Tagebücher lässt sich nur schätzen, ihre Redaktion geht
-                        aber weit über die Zeit der Reise hinaus. Häufig nimmt Humboldt
-                        Informationen aus Zeitungsartikeln oder publizierten Berichten und
-                        Forschungsbeiträgen aus den 1830er Jahren in das Tagebuch auf. Dies endet
-                        erst im Frühjahr 1843 (vgl. <bibl sameAs="zotero-667230-384RP7BM">Fiedler/Leitner 2000</bibl>, 359) mit dem Erscheinen von Asie centrale
+                    <p>Zur Datierung: Der Erstellungszeitraum der Tagebücher lässt sich nur
+                        schätzen, ihre Redaktion geht aber weit über die Zeit der Reise hinaus.
+                        Häufig nimmt Humboldt Informationen aus Zeitungsartikeln oder publizierten
+                        Berichten und Forschungsbeiträgen aus den 1830er Jahren in das Tagebuch auf.
+                        Dies endet erst im Frühjahr 1843 (vgl. <bibl sameAs="zotero-667230-384RP7BM">Fiedler/Leitner 2000</bibl>, 359) mit dem Erscheinen von Asie centrale
                             (<bibl sameAs="zotero-667230-TKGUVJEV">Humboldt 1843</bibl>).</p>
+                    <p>Zur Textgrundlage: Die Erstranskription des Manuskripts wurde von Gisela
+                        Lülfing in den 19XX Jahren vorgenommen. Regina Mikosch hat diese Arbeit in
+                        den Jahren 2015–2017 fortgesetzt.</p>
                 </note>
             </notesStmt>
 
diff --git a/RST/__contents__.xml b/home/gordon/backup182/db/projects/avhr/data/RST/__contents__.xml
index 4f27115..ecd2f09 100644
--- a/RST/__contents__.xml
+++ b/home/gordon/backup182/db/projects/avhr/data/RST/__contents__.xml
@@ -1,18 +1,18 @@
 <collection xmlns="http://exist.sourceforge.net/NS/exist" name="/db/projects/avhr/data/RST" version="1" owner="dumont" group="avhr-nutzer" mode="770" created="2018-09-13T20:36:36.169+02:00">
     <acl entries="0" version="1"/>
-    <resource type="XMLResource" name="RST_Blatt-Seite.xml" skip="no" owner="avhr_kirsten" group="avhr-nutzer" mode="660" created="2019-01-25T16:09:57+01:00" modified="2019-10-01T13:54:56+02:00" filename="RST_Blatt-Seite.xml" mimetype="application/xml">
+    <resource type="XMLResource" name="RST_Blatt-Seite.xml" skip="no" owner="avhr_kirsten" group="avhr-nutzer" mode="660" created="2019-01-25T16:09:57+01:00" modified="2020-02-04T11:56:24.959+01:00" filename="RST_Blatt-Seite.xml" mimetype="application/xml">
         <acl entries="0" version="1"/>
     </resource>
-    <resource type="XMLResource" name="RST_II_01r-58v.xml" skip="no" owner="dumont" group="avhr-nutzer" mode="660" created="2018-09-13T20:36:36+02:00" modified="2019-08-19T05:33:32+02:00" filename="RST_II_01r-58v.xml" mimetype="application/xml">
+    <resource type="XMLResource" name="RST_II_01r-58v.xml" skip="no" owner="dumont" group="avhr-nutzer" mode="660" created="2018-09-13T20:36:36+02:00" modified="2020-01-29T10:44:08.767+01:00" filename="RST_II_01r-58v.xml" mimetype="application/xml">
         <acl entries="0" version="1"/>
     </resource>
-    <resource type="XMLResource" name="RST_I_1r-69v_TK.xml" skip="no" owner="dumont" group="avhr-nutzer" mode="660" created="2018-09-13T20:36:36+02:00" modified="2020-01-24T11:13:29+01:00" filename="RST_I_1r-69v_TK.xml" mimetype="application/xml">
+    <resource type="XMLResource" name="RST_I_1r-69v_TK.xml" skip="no" owner="dumont" group="avhr-nutzer" mode="660" created="2018-09-13T20:36:36+02:00" modified="2020-01-31T13:09:35.946+01:00" filename="RST_I_1r-69v_TK.xml" mimetype="application/xml">
         <acl entries="0" version="1"/>
     </resource>
     <resource type="XMLResource" name="RST_I_70r-147r_FS.xml" skip="no" owner="dumont" group="avhr-nutzer" mode="660" created="2018-09-13T20:36:36+02:00" modified="2020-02-12T12:49:24.799+01:00" filename="RST_I_70r-147r_FS.xml" mimetype="application/xml">
         <acl entries="0" version="1"/>
     </resource>
-    <resource type="XMLResource" name="RST_II_59r-99v.xml" skip="no" owner="dumont" group="avhr-nutzer" mode="660" created="2018-09-13T20:36:37+02:00" modified="2020-02-12T10:33:24.133+01:00" filename="RST_II_59r-99v.xml" mimetype="application/xml">
+    <resource type="XMLResource" name="RST_II_59r-99v.xml" skip="no" owner="dumont" group="avhr-nutzer" mode="660" created="2018-09-13T20:36:37+02:00" modified="2020-02-04T13:52:33.191+01:00" filename="RST_II_59r-99v.xml" mimetype="application/xml">
         <acl entries="0" version="1"/>
     </resource>
     <subcollection name="Briefe" filename="Briefe"/>
