diff --git a/Kommentar/__contents__.xml b/home/gordon/backup182/db/projects/avhr/data/Kommentar/__contents__.xml
index cdfe226..5ddb314 100644
--- a/Kommentar/__contents__.xml
+++ b/home/gordon/backup182/db/projects/avhr/data/Kommentar/__contents__.xml
@@ -1,51 +1,51 @@
 <collection xmlns="http://exist.sourceforge.net/NS/exist" name="/db/projects/avhr/data/Kommentar" version="1" owner="dumont" group="avhr-nutzer" mode="770" created="2018-09-13T20:36:29.487+02:00">
     <acl entries="0" version="1"/>
-    <resource type="XMLResource" name="Brescius_Einleitung-Korrespondenz-Schlagintweits.xml" skip="no" owner="avhr_thomas" group="avhr-nutzer" mode="660" created="2019-09-10T18:22:36+02:00" modified="2019-11-08T14:25:10+01:00" filename="Brescius_Einleitung-Korrespondenz-Schlagintweits.xml" mimetype="application/xml">
+    <resource type="XMLResource" name="Brescius_Einleitung-Korrespondenz-Schlagintweits.xml" skip="no" owner="avhr_thomas" group="avhr-nutzer" mode="660" created="2019-09-10T18:22:36.091+02:00" modified="2019-11-08T14:25:10.913+01:00" filename="Brescius_Einleitung-Korrespondenz-Schlagintweits.xml" mimetype="application/xml">
         <acl entries="0" version="1"/>
     </resource>
-    <resource type="XMLResource" name="tylus.xml" skip="no" owner="dumont" group="avhr-nutzer" mode="660" created="2018-09-13T20:36:29+02:00" modified="2019-07-10T14:09:46+02:00" filename="tylus.xml" mimetype="application/xml">
+    <resource type="XMLResource" name="tylus.xml" skip="no" owner="dumont" group="avhr-nutzer" mode="660" created="2018-09-13T20:36:29+02:00" modified="2019-07-10T14:09:46.242+02:00" filename="tylus.xml" mimetype="application/xml">
         <acl entries="0" version="1"/>
     </resource>
-    <resource type="XMLResource" name="SMW_Boehme.xml" skip="no" owner="avhr_thomas" group="avhr-nutzer" mode="660" created="2019-04-01T12:55:12+02:00" modified="2020-01-20T14:30:10+01:00" filename="SMW_Boehme.xml" mimetype="application/xml">
+    <resource type="XMLResource" name="SMW_Boehme.xml" skip="no" owner="avhr_thomas" group="avhr-nutzer" mode="660" created="2019-04-01T12:55:12+02:00" modified="2020-01-20T14:30:10.66+01:00" filename="SMW_Boehme.xml" mimetype="application/xml">
         <acl entries="0" version="1"/>
     </resource>
-    <resource type="XMLResource" name="goetz.xml" skip="no" owner="dumont" group="avhr-nutzer" mode="660" created="2018-09-13T20:36:29+02:00" modified="2019-12-30T12:08:27+01:00" filename="goetz.xml" mimetype="application/xml">
+    <resource type="XMLResource" name="goetz.xml" skip="no" owner="dumont" group="avhr-nutzer" mode="660" created="2018-09-13T20:36:29+02:00" modified="2019-12-30T12:08:27.128+01:00" filename="goetz.xml" mimetype="application/xml">
         <acl entries="0" version="1"/>
     </resource>
-    <resource type="XMLResource" name="Glaubrecht-Einfuehrung-TS1.xml" skip="no" owner="avhr_thomas" group="avhr-nutzer" mode="660" created="2018-10-10T16:27:15+02:00" modified="2019-09-08T22:10:12+02:00" filename="Glaubrecht-Einfuehrung-TS1.xml" mimetype="application/xml">
+    <resource type="XMLResource" name="Glaubrecht-Einfuehrung-TS1.xml" skip="no" owner="avhr_thomas" group="avhr-nutzer" mode="660" created="2018-10-10T16:27:15+02:00" modified="2019-09-08T22:10:12.298+02:00" filename="Glaubrecht-Einfuehrung-TS1.xml" mimetype="application/xml">
         <acl entries="0" version="1"/>
     </resource>
-    <resource type="XMLResource" name="zeuske.xml" skip="no" owner="dumont" group="avhr-nutzer" mode="660" created="2018-09-13T20:36:29+02:00" modified="2019-07-10T14:09:38+02:00" filename="zeuske.xml" mimetype="application/xml">
+    <resource type="XMLResource" name="zeuske.xml" skip="no" owner="dumont" group="avhr-nutzer" mode="660" created="2018-09-13T20:36:29+02:00" modified="2019-07-10T14:09:38.007+02:00" filename="zeuske.xml" mimetype="application/xml">
         <acl entries="0" version="1"/>
     </resource>
-    <resource type="XMLResource" name="paessler.xml" skip="no" owner="dumont" group="avhr-nutzer" mode="660" created="2018-09-13T20:36:29+02:00" modified="2019-07-10T14:08:33+02:00" filename="paessler.xml" mimetype="application/xml">
+    <resource type="XMLResource" name="paessler.xml" skip="no" owner="dumont" group="avhr-nutzer" mode="660" created="2018-09-13T20:36:29+02:00" modified="2019-07-10T14:08:33.291+02:00" filename="paessler.xml" mimetype="application/xml">
         <acl entries="0" version="1"/>
     </resource>
-    <resource type="XMLResource" name="leitner.xml" skip="no" owner="dumont" group="avhr-nutzer" mode="660" created="2018-09-13T20:36:29+02:00" modified="2019-07-10T14:10:00+02:00" filename="leitner.xml" mimetype="application/xml">
+    <resource type="XMLResource" name="leitner.xml" skip="no" owner="dumont" group="avhr-nutzer" mode="660" created="2018-09-13T20:36:29+02:00" modified="2019-07-10T14:10:00.265+02:00" filename="leitner.xml" mimetype="application/xml">
         <acl entries="0" version="1"/>
     </resource>
-    <resource type="XMLResource" name="TS1_Einf%C3%BChrung_P%C3%A4%C3%9Fler.xml" skip="no" owner="avhr_paessler" group="avhr-nutzer" mode="660" created="2019-09-23T14:35:16+02:00" modified="2019-10-01T14:22:57+02:00" filename="TS1_Einführung_Päßler.xml" mimetype="application/xml">
+    <resource type="XMLResource" name="TS1_Einf%C3%BChrung_P%C3%A4%C3%9Fler.xml" skip="no" owner="avhr_paessler" group="avhr-nutzer" mode="660" created="2019-09-23T14:35:16.162+02:00" modified="2019-10-01T14:22:57.994+02:00" filename="TS1_Einführung_Päßler.xml" mimetype="application/xml">
         <acl entries="0" version="1"/>
     </resource>
-    <resource type="XMLResource" name="erdmann.xml" skip="no" owner="dumont" group="avhr-nutzer" mode="660" created="2018-09-13T20:36:29+02:00" modified="2019-10-23T17:13:31+02:00" filename="erdmann.xml" mimetype="application/xml">
+    <resource type="XMLResource" name="erdmann.xml" skip="no" owner="dumont" group="avhr-nutzer" mode="660" created="2018-09-13T20:36:29+02:00" modified="2019-10-23T17:13:31.762+02:00" filename="erdmann.xml" mimetype="application/xml">
         <acl entries="0" version="1"/>
     </resource>
     <resource type="XMLResource" name="ette.xml" skip="no" owner="dumont" group="avhr-nutzer" mode="660" created="2018-09-13T20:36:29+02:00" modified="2019-05-21T19:11:06+02:00" filename="ette.xml" mimetype="application/xml">
         <acl entries="0" version="1"/>
     </resource>
-    <resource type="XMLResource" name="Einleitung_TS_1_Paessler_CT-formatiert.xml" skip="no" owner="dumont" group="avhr-nutzer" mode="660" created="2018-09-13T20:36:29+02:00" modified="2020-01-14T12:52:02+01:00" filename="Einleitung_TS_1_Paessler_CT-formatiert.xml" mimetype="application/xml">
+    <resource type="XMLResource" name="Einleitung_TS_1_Paessler_CT-formatiert.xml" skip="no" owner="dumont" group="avhr-nutzer" mode="660" created="2018-09-13T20:36:29+02:00" modified="2020-01-14T12:52:02.228+01:00" filename="Einleitung_TS_1_Paessler_CT-formatiert.xml" mimetype="application/xml">
         <acl entries="0" version="1"/>
     </resource>
-    <resource type="XMLResource" name="leitner_art-I.xml" skip="no" owner="dumont" group="avhr-nutzer" mode="660" created="2018-09-13T20:36:29+02:00" modified="2019-11-11T13:17:14+01:00" filename="leitner_art-I.xml" mimetype="application/xml">
+    <resource type="XMLResource" name="leitner_art-I.xml" skip="no" owner="dumont" group="avhr-nutzer" mode="660" created="2018-09-13T20:36:29+02:00" modified="2019-11-11T13:17:14.324+01:00" filename="leitner_art-I.xml" mimetype="application/xml">
         <acl entries="0" version="1"/>
     </resource>
-    <resource type="XMLResource" name="UL-intro-Spanien.xml" skip="no" owner="avhr_thomas" group="avhr-nutzer" mode="660" created="2019-12-30T12:01:02+01:00" modified="2019-12-30T12:25:11+01:00" filename="UL-intro-Spanien.xml" mimetype="application/xml">
+    <resource type="XMLResource" name="UL-intro-Spanien.xml" skip="no" owner="avhr_thomas" group="avhr-nutzer" mode="660" created="2019-12-30T12:01:02.708+01:00" modified="2019-12-30T12:25:11.065+01:00" filename="UL-intro-Spanien.xml" mimetype="application/xml">
         <acl entries="0" version="1"/>
     </resource>
-    <resource type="XMLResource" name="Unbenannt.xml" skip="no" owner="avhr_thomas" group="avhr-nutzer" mode="660" created="2019-12-30T12:11:00+01:00" modified="2019-12-30T12:11:17+01:00" filename="Unbenannt.xml" mimetype="application/xml">
+    <resource type="XMLResource" name="Unbenannt.xml" skip="no" owner="avhr_thomas" group="avhr-nutzer" mode="660" created="2019-12-30T12:11:00.275+01:00" modified="2019-12-30T12:11:17.786+01:00" filename="Unbenannt.xml" mimetype="application/xml">
         <acl entries="0" version="1"/>
     </resource>
-    <resource type="XMLResource" name="TS1_Vorwort_Ette.xml" skip="no" owner="avhr_paessler" group="avhr-nutzer" mode="660" created="2019-10-01T09:27:38+02:00" modified="2019-10-01T13:41:10+02:00" filename="TS1_Vorwort_Ette.xml" mimetype="application/xml">
+    <resource type="XMLResource" name="TS1_Vorwort_Ette.xml" skip="no" owner="avhr_paessler" group="avhr-nutzer" mode="660" created="2019-10-01T09:27:38.132+02:00" modified="2019-10-01T13:41:10.168+02:00" filename="TS1_Vorwort_Ette.xml" mimetype="application/xml">
         <acl entries="0" version="1"/>
     </resource>
 </collection>
\ No newline at end of file
