diff --git a/hirt/data/Dokumentation/__contents__.xml b/home/gordon/backup182/db/projects/hirt/data/Dokumentation/__contents__.xml
index 48fe4e8..6990d98 100644
--- a/hirt/data/Dokumentation/__contents__.xml
+++ b/home/gordon/backup182/db/projects/hirt/data/Dokumentation/__contents__.xml
@@ -1,15 +1,15 @@
 <collection xmlns="http://exist.sourceforge.net/NS/exist" name="/db/projects/hirt/data/Dokumentation" version="1" owner="exist-bot" group="hirt-nutzer" mode="770" created="2018-03-22T14:28:28.16+01:00">
     <acl entries="0" version="1"/>
-    <resource type="XMLResource" name="Editionsrichtlinien.xml" skip="no" owner="exist-bot" group="hirt-nutzer" mode="770" created="2018-03-22T14:28:28+01:00" modified="2019-01-23T13:52:01+01:00" filename="Editionsrichtlinien.xml" mimetype="application/xml">
+    <resource type="XMLResource" name="Editionsrichtlinien.xml" skip="no" owner="exist-bot" group="hirt-nutzer" mode="770" created="2018-03-22T14:28:28.161+01:00" modified="2019-01-23T13:52:01.78+01:00" filename="Editionsrichtlinien.xml" mimetype="application/xml">
         <acl entries="0" version="1"/>
     </resource>
-    <resource type="XMLResource" name="Zu_dieser_Edition.xml" skip="no" owner="exist-bot" group="hirt-nutzer" mode="770" created="2018-03-22T14:28:28+01:00" modified="2019-01-22T16:32:13+01:00" filename="Zu_dieser_Edition.xml" mimetype="application/xml">
+    <resource type="XMLResource" name="Zu_dieser_Edition.xml" skip="no" owner="exist-bot" group="hirt-nutzer" mode="770" created="2018-03-22T14:28:28.168+01:00" modified="2019-01-22T16:32:13.735+01:00" filename="Zu_dieser_Edition.xml" mimetype="application/xml">
         <acl entries="0" version="1"/>
     </resource>
-    <resource type="XMLResource" name="projekt.xml" skip="no" owner="exist-bot" group="hirt-nutzer" mode="770" created="2018-03-22T14:28:28+01:00" modified="2019-01-22T16:28:24+01:00" filename="projekt.xml" mimetype="application/xml">
+    <resource type="XMLResource" name="projekt.xml" skip="no" owner="exist-bot" group="hirt-nutzer" mode="770" created="2018-03-22T14:28:28.179+01:00" modified="2019-01-22T16:28:24.789+01:00" filename="projekt.xml" mimetype="application/xml">
         <acl entries="0" version="1"/>
     </resource>
-    <resource type="XMLResource" name="Aloys_Hirt.xml" skip="no" owner="exist-bot" group="hirt-nutzer" mode="770" created="2018-03-22T14:28:28+01:00" modified="2018-03-22T14:28:28+01:00" filename="Aloys_Hirt.xml" mimetype="application/xml">
+    <resource type="XMLResource" name="Aloys_Hirt.xml" skip="no" owner="exist-bot" group="hirt-nutzer" mode="770" created="2018-03-22T14:28:28.187+01:00" modified="2018-03-22T14:28:28.187+01:00" filename="Aloys_Hirt.xml" mimetype="application/xml">
         <acl entries="0" version="1"/>
     </resource>
 </collection>
\ No newline at end of file
