diff --git a/Projekt/__contents__.xml b/home/gordon/backup122/db/projects/avhr/data/Projekt/__contents__.xml
index 02e141c..bfb8658 100644
--- a/Projekt/__contents__.xml
+++ b/home/gordon/backup122/db/projects/avhr/data/Projekt/__contents__.xml
@@ -6,22 +6,22 @@
     <resource type="XMLResource" name="dhpreis.xml" skip="no" owner="dumont" group="avhr-nutzer" mode="770" created="2018-09-13T20:36:29+02:00" modified="2018-09-13T20:36:29+02:00" filename="dhpreis.xml" mimetype="application/xml">
         <acl entries="0" version="1"/>
     </resource>
-    <resource type="XMLResource" name="credits.xml" skip="no" owner="dumont" group="avhr-nutzer" mode="770" created="2018-09-13T20:36:29+02:00" modified="2019-09-11T13:51:39.259+02:00" filename="credits.xml" mimetype="application/xml">
+    <resource type="XMLResource" name="credits.xml" skip="no" owner="dumont" group="avhr-nutzer" mode="770" created="2018-09-13T20:36:29+02:00" modified="2019-09-11T13:51:39+02:00" filename="credits.xml" mimetype="application/xml">
         <acl entries="0" version="1"/>
     </resource>
-    <resource type="XMLResource" name="introductions.xml" skip="no" owner="dumont" group="avhr-nutzer" mode="770" created="2018-09-13T20:36:29+02:00" modified="2019-12-03T14:57:23.635+01:00" filename="introductions.xml" mimetype="application/xml">
+    <resource type="XMLResource" name="introductions.xml" skip="no" owner="dumont" group="avhr-nutzer" mode="770" created="2018-09-13T20:36:29+02:00" modified="2019-12-03T14:57:23+01:00" filename="introductions.xml" mimetype="application/xml">
         <acl entries="0" version="1"/>
     </resource>
-    <resource type="XMLResource" name="themen-en.xml" skip="no" owner="dumont" group="dba" mode="644" created="2019-12-20T17:13:17.139+01:00" modified="2019-12-20T17:37:21.359+01:00" filename="themen-en.xml" mimetype="application/xml">
+    <resource type="XMLResource" name="themen-en.xml" skip="no" owner="dumont" group="dba" mode="644" created="2019-12-20T17:13:17+01:00" modified="2019-12-20T17:37:21+01:00" filename="themen-en.xml" mimetype="application/xml">
         <acl entries="0" version="1"/>
     </resource>
-    <resource type="XMLResource" name="themen-de.xml" skip="no" owner="dumont" group="dba" mode="644" created="2019-12-20T15:56:27.899+01:00" modified="2019-12-20T17:28:50.686+01:00" filename="themen-de.xml" mimetype="application/xml">
+    <resource type="XMLResource" name="themen-de.xml" skip="no" owner="dumont" group="dba" mode="644" created="2019-12-20T15:56:27+01:00" modified="2019-12-20T17:28:50+01:00" filename="themen-de.xml" mimetype="application/xml">
         <acl entries="0" version="1"/>
     </resource>
     <resource type="XMLResource" name="chronologie.xml" skip="no" owner="dumont" group="avhr-nutzer" mode="770" created="2018-09-13T20:36:29+02:00" modified="2018-09-13T20:36:29+02:00" filename="chronologie.xml" mimetype="application/xml">
         <acl entries="0" version="1"/>
     </resource>
-    <resource type="XMLResource" name="api.xml" skip="no" owner="dumont" group="avhr-nutzer" mode="770" created="2018-09-13T20:36:29+02:00" modified="2019-05-28T17:27:15.032+02:00" filename="api.xml" mimetype="application/xml">
+    <resource type="XMLResource" name="api.xml" skip="no" owner="dumont" group="avhr-nutzer" mode="770" created="2018-09-13T20:36:29+02:00" modified="2019-05-28T17:27:15+02:00" filename="api.xml" mimetype="application/xml">
         <acl entries="0" version="1"/>
     </resource>
 </collection>
\ No newline at end of file
