diff --git a/ovp/data/Register/__contents__.xml b/home/gordon/backup182/db/projects/ovp/data/Register/__contents__.xml
index 178549c..e44c9a6 100644
--- a/ovp/data/Register/__contents__.xml
+++ b/home/gordon/backup182/db/projects/ovp/data/Register/__contents__.xml
@@ -1,27 +1,27 @@
 <collection xmlns="http://exist.sourceforge.net/NS/exist" name="/db/projects/ovp/data/Register" version="1" owner="narndt" group="ovp-nutzer" mode="770" created="2018-07-24T08:27:59.564+02:00">
     <acl entries="0" version="1"/>
-    <resource type="XMLResource" name="liber_pharetrae.xml" skip="no" owner="test-user" group="ovp-nutzer" mode="660" created="2020-01-23T09:36:18+01:00" modified="2020-01-23T10:58:09+01:00" filename="liber_pharetrae.xml" mimetype="application/xml">
+    <resource type="XMLResource" name="liber_pharetrae.xml" skip="no" owner="test-user" group="ovp-nutzer" mode="660" created="2020-01-23T09:36:18.114+01:00" modified="2020-01-23T10:58:09.566+01:00" filename="liber_pharetrae.xml" mimetype="application/xml">
         <acl entries="0" version="1"/>
     </resource>
-    <resource type="XMLResource" name="primaerquellen.xml" skip="no" owner="test-user" group="ovp-nutzer" mode="770" created="2019-04-23T13:50:59+02:00" modified="2020-01-23T11:39:04+01:00" filename="primaerquellen.xml" mimetype="application/xml">
+    <resource type="XMLResource" name="primaerquellen.xml" skip="no" owner="test-user" group="ovp-nutzer" mode="770" created="2019-04-23T13:50:59.289+02:00" modified="2020-01-23T11:39:04.819+01:00" filename="primaerquellen.xml" mimetype="application/xml">
         <acl entries="0" version="1"/>
     </resource>
-    <resource type="XMLResource" name="glossar.xml" skip="no" owner="test-user" group="ovp-nutzer" mode="660" created="2019-05-15T10:37:35+02:00" modified="2020-02-12T09:47:29.227+01:00" filename="glossar.xml" mimetype="application/xml">
+    <resource type="XMLResource" name="glossar.xml" skip="no" owner="test-user" group="ovp-nutzer" mode="660" created="2019-05-15T10:37:35.35+02:00" modified="2020-01-24T12:55:13.686+01:00" filename="glossar.xml" mimetype="application/xml">
         <acl entries="0" version="1"/>
     </resource>
-    <resource type="XMLResource" name="Personen.xml" skip="no" owner="narndt" group="ovp-nutzer" mode="770" created="2018-07-24T08:28:17+02:00" modified="2019-12-02T12:16:25+01:00" filename="Personen.xml" mimetype="application/xml">
+    <resource type="XMLResource" name="Personen.xml" skip="no" owner="narndt" group="ovp-nutzer" mode="770" created="2018-07-24T08:28:17.112+02:00" modified="2019-12-02T12:16:25.41+01:00" filename="Personen.xml" mimetype="application/xml">
         <acl entries="0" version="1"/>
     </resource>
-    <resource type="XMLResource" name="Orte.xml" skip="no" owner="narndt" group="ovp-nutzer" mode="770" created="2018-07-24T08:28:30+02:00" modified="2019-05-29T14:46:02+02:00" filename="Orte.xml" mimetype="application/xml">
+    <resource type="XMLResource" name="Orte.xml" skip="no" owner="narndt" group="ovp-nutzer" mode="770" created="2018-07-24T08:28:30.632+02:00" modified="2020-02-05T14:40:30.041+01:00" filename="Orte.xml" mimetype="application/xml">
         <acl entries="0" version="1"/>
     </resource>
-    <resource type="XMLResource" name="MFL.xml" skip="no" owner="admin" group="ovp-nutzer" mode="770" created="2018-07-24T08:30:46+02:00" modified="2020-01-23T10:56:18+01:00" filename="MFL.xml" mimetype="application/xml">
+    <resource type="XMLResource" name="MFL.xml" skip="no" owner="admin" group="ovp-nutzer" mode="770" created="2018-07-24T08:30:46.181+02:00" modified="2020-01-23T10:56:18.916+01:00" filename="MFL.xml" mimetype="application/xml">
         <acl entries="0" version="1"/>
     </resource>
-    <resource type="XMLResource" name="schriftarten.xml" skip="no" owner="test-user" group="ovp-nutzer" mode="770" created="2019-04-09T10:44:42+02:00" modified="2019-04-09T10:44:42+02:00" filename="schriftarten.xml" mimetype="application/xml">
+    <resource type="XMLResource" name="schriftarten.xml" skip="no" owner="test-user" group="ovp-nutzer" mode="770" created="2019-04-09T10:44:42.496+02:00" modified="2019-04-09T10:44:42.496+02:00" filename="schriftarten.xml" mimetype="application/xml">
         <acl entries="0" version="1"/>
     </resource>
-    <resource type="XMLResource" name="bibelstellenregister.xml" skip="no" owner="test-user" group="ovp-nutzer" mode="660" created="2019-06-19T12:09:07+02:00" modified="2019-10-07T11:31:33+02:00" filename="bibelstellenregister.xml" mimetype="application/xml">
+    <resource type="XMLResource" name="bibelstellenregister.xml" skip="no" owner="test-user" group="ovp-nutzer" mode="660" created="2019-06-19T12:09:07.624+02:00" modified="2019-10-07T11:31:33.528+02:00" filename="bibelstellenregister.xml" mimetype="application/xml">
         <acl entries="0" version="1"/>
     </resource>
 </collection>
\ No newline at end of file
diff --git a/ovp/data/Register/glossar.xml b/home/gordon/backup182/db/projects/ovp/data/Register/glossar.xml
index 0ba4496..0ff730b 100644
--- a/ovp/data/Register/glossar.xml
+++ b/home/gordon/backup182/db/projects/ovp/data/Register/glossar.xml
@@ -18,7 +18,7 @@
             <div type="glossary">
                 <entry xml:id="gloss_d1e1162dd5" n="status:draft">
                     <form type="lemma">
-                        <orth>Testeintrag für Nadineeeeee</orth>
+                        <orth>Testeintrag für Nadine</orth>
                     </form>
                     <gramGrp>
                         <gram type="pos">stf.</gram>
@@ -27,8 +27,8 @@
                         <def xml:lang="de">Zwang</def>
                     </sense>
                     <note type="simple">DWB 32, Sp.1449.</note>
-                    <note type="extended">erweiterter <ref type="intern" target="gloss_d1e35">Kommentar</ref> mit <foreign xml:lang="mhd">einem
-                            mhd-Abschnitt</foreign></note>
+                    <note type="extended">erweiterter <ref type="intern" target="gloss_d1e35">Kommentar</ref> mit
+                            <foreign xml:lang="mhd">einem mhd-Abschnitt</foreign></note>
                 </entry>
                 <entry xml:id="gloss_d1e35" n="status:final">
                     <form type="lemma">
