diff --git a/bibelexegese/data/cte-export/__contents__.xml b/home/gordon/backup182/db/projects/bibelexegese/data/cte-export/__contents__.xml
index abb9222..c122ead 100644
--- a/bibelexegese/data/cte-export/__contents__.xml
+++ b/home/gordon/backup182/db/projects/bibelexegese/data/cte-export/__contents__.xml
@@ -1,18 +1,18 @@
 <collection xmlns="http://exist.sourceforge.net/NS/exist" name="/db/projects/bibelexegese/data/cte-export" version="1" owner="admin" group="bibelexegese-nutzer" mode="770" created="2019-03-15T12:50:40.21+01:00">
     <acl entries="0" version="1"/>
-    <resource type="XMLResource" name="Theodoret_Prolog.xml" skip="no" owner="admin" group="bibelexegese-nutzer" mode="770" created="2019-03-15T12:41:55+01:00" modified="2019-03-15T12:41:55+01:00" filename="Theodoret_Prolog.xml" mimetype="application/xml">
+    <resource type="XMLResource" name="Theodoret_Prolog.xml" skip="no" owner="admin" group="bibelexegese-nutzer" mode="770" created="2019-03-15T12:41:55.503+01:00" modified="2019-03-15T12:41:55.503+01:00" filename="Theodoret_Prolog.xml" mimetype="application/xml">
         <acl entries="0" version="1"/>
     </resource>
-    <resource type="XMLResource" name="Theodoret_Prolog-TEIexp.xml" skip="no" owner="admin" group="bibelexegese-nutzer" mode="770" created="2019-03-15T12:41:53+01:00" modified="2019-03-15T12:41:53+01:00" filename="Theodoret_Prolog-TEIexp.xml" mimetype="application/xml">
+    <resource type="XMLResource" name="Theodoret_Prolog-TEIexp.xml" skip="no" owner="admin" group="bibelexegese-nutzer" mode="770" created="2019-03-15T12:41:53.79+01:00" modified="2019-03-15T12:41:53.79+01:00" filename="Theodoret_Prolog-TEIexp.xml" mimetype="application/xml">
         <acl entries="0" version="1"/>
     </resource>
-    <resource type="XMLResource" name="Origenes_Catholica.xml" skip="no" owner="admin" group="bibelexegese-nutzer" mode="770" created="2019-03-15T12:41:52+01:00" modified="2019-03-15T12:41:52+01:00" filename="Origenes_Catholica.xml" mimetype="application/xml">
+    <resource type="XMLResource" name="Origenes_Catholica.xml" skip="no" owner="admin" group="bibelexegese-nutzer" mode="770" created="2019-03-15T12:41:52.122+01:00" modified="2019-03-15T12:41:52.122+01:00" filename="Origenes_Catholica.xml" mimetype="application/xml">
         <acl entries="0" version="1"/>
     </resource>
-    <resource type="XMLResource" name="Eusebius_Ps-62.xml" skip="no" owner="admin" group="bibelexegese-nutzer" mode="770" created="2019-03-15T12:41:50+01:00" modified="2019-03-15T12:41:50+01:00" filename="Eusebius_Ps-62.xml" mimetype="application/xml">
+    <resource type="XMLResource" name="Eusebius_Ps-62.xml" skip="no" owner="admin" group="bibelexegese-nutzer" mode="770" created="2019-03-15T12:41:50.28+01:00" modified="2019-03-15T12:41:50.28+01:00" filename="Eusebius_Ps-62.xml" mimetype="application/xml">
         <acl entries="0" version="1"/>
     </resource>
-    <resource type="XMLResource" name="Eusebius_Ps-62-Testlauf.xml" skip="no" owner="admin" group="bibelexegese-nutzer" mode="770" created="2019-03-15T12:41:48+01:00" modified="2019-03-15T12:41:48+01:00" filename="Eusebius_Ps-62-Testlauf.xml" mimetype="application/xml">
+    <resource type="XMLResource" name="Eusebius_Ps-62-Testlauf.xml" skip="no" owner="admin" group="bibelexegese-nutzer" mode="770" created="2019-03-15T12:41:48.545+01:00" modified="2019-03-15T12:41:48.545+01:00" filename="Eusebius_Ps-62-Testlauf.xml" mimetype="application/xml">
         <acl entries="0" version="1"/>
     </resource>
 </collection>
\ No newline at end of file
