diff --git a/cagb/data/zz_ersetzte_Beschreibungen/__contents__.xml b/home/gordon/backup182/db/projects/cagb/data/zz_ersetzte_Beschreibungen/__contents__.xml
index 321ad81..9a0caec 100644
--- a/cagb/data/zz_ersetzte_Beschreibungen/__contents__.xml
+++ b/home/gordon/backup182/db/projects/cagb/data/zz_ersetzte_Beschreibungen/__contents__.xml
@@ -1,42 +1,42 @@
 <collection xmlns="http://exist.sourceforge.net/NS/exist" name="/db/projects/cagb/data/zz_ersetzte_Beschreibungen" version="1" owner="koch" group="cagb-nutzer" mode="770" created="2019-05-14T13:21:14.539+02:00">
     <acl entries="0" version="1"/>
-    <resource type="XMLResource" name="Ersetzt_AG1-Kopenhagen-Det-Kongelige-Bibliotek-Fabr-604o.xml" skip="no" owner="exist-bot" group="cagb-nutzer" mode="770" created="2017-11-10T10:06:20+01:00" modified="2019-05-02T16:43:25+02:00" filename="Ersetzt_AG1-Kopenhagen-Det-Kongelige-Bibliotek-Fabr-604o.xml" mimetype="application/xml">
+    <resource type="XMLResource" name="Ersetzt_AG1-Kopenhagen-Det-Kongelige-Bibliotek-Fabr-604o.xml" skip="no" owner="exist-bot" group="cagb-nutzer" mode="770" created="2017-11-10T10:06:20.421+01:00" modified="2019-05-02T16:43:25.027+02:00" filename="Ersetzt_AG1-Kopenhagen-Det-Kongelige-Bibliotek-Fabr-604o.xml" mimetype="application/xml">
         <acl entries="0" version="1"/>
     </resource>
-    <resource type="XMLResource" name="Ersetzt_AG1-London-Lambeth-Palace-Archiepiscopal-Library-MannersSutton-Mss-1204.xml" skip="no" owner="exist-bot" group="cagb-nutzer" mode="770" created="2017-11-10T10:06:09+01:00" modified="2019-02-19T15:45:28+01:00" filename="Ersetzt_AG1-London-Lambeth-Palace-Archiepiscopal-Library-MannersSutton-Mss-1204.xml" mimetype="application/xml">
+    <resource type="XMLResource" name="Ersetzt_AG1-London-Lambeth-Palace-Archiepiscopal-Library-MannersSutton-Mss-1204.xml" skip="no" owner="exist-bot" group="cagb-nutzer" mode="770" created="2017-11-10T10:06:09.581+01:00" modified="2019-02-19T15:45:28.982+01:00" filename="Ersetzt_AG1-London-Lambeth-Palace-Archiepiscopal-Library-MannersSutton-Mss-1204.xml" mimetype="application/xml">
         <acl entries="0" version="1"/>
     </resource>
-    <resource type="XMLResource" name="Ersetzt_AG1-Leiden-UB-Vossiani-Graeci-Q-25.xml" skip="no" owner="exist-bot" group="cagb-nutzer" mode="770" created="2017-11-10T10:06:21+01:00" modified="2019-11-07T15:24:09+01:00" filename="Ersetzt_AG1-Leiden-UB-Vossiani-Graeci-Q-25.xml" mimetype="application/xml">
+    <resource type="XMLResource" name="Ersetzt_AG1-Leiden-UB-Vossiani-Graeci-Q-25.xml" skip="no" owner="exist-bot" group="cagb-nutzer" mode="770" created="2017-11-10T10:06:21.101+01:00" modified="2019-11-07T15:24:09.301+01:00" filename="Ersetzt_AG1-Leiden-UB-Vossiani-Graeci-Q-25.xml" mimetype="application/xml">
         <acl entries="0" version="1"/>
     </resource>
-    <resource type="XMLResource" name="Ersetzt_AG1-Escorial-RB-68-V-12.xml" skip="no" owner="exist-bot" group="cagb-nutzer" mode="770" created="2018-06-12T13:20:01+02:00" modified="2019-01-25T08:37:41+01:00" filename="Ersetzt_AG1-Escorial-RB-68-V-12.xml" mimetype="application/xml">
+    <resource type="XMLResource" name="Ersetzt_AG1-Escorial-RB-68-V-12.xml" skip="no" owner="exist-bot" group="cagb-nutzer" mode="770" created="2018-06-12T13:20:01.824+02:00" modified="2019-01-25T08:37:41.834+01:00" filename="Ersetzt_AG1-Escorial-RB-68-V-12.xml" mimetype="application/xml">
         <acl entries="0" version="1"/>
     </resource>
-    <resource type="XMLResource" name="Ersetzt_AG1-Bern-Burgerbibliothek-402.xml" skip="no" owner="exist-bot" group="cagb-nutzer" mode="770" created="2017-11-10T10:06:10+01:00" modified="2019-05-15T14:09:26+02:00" filename="Ersetzt_AG1-Bern-Burgerbibliothek-402.xml" mimetype="application/xml">
+    <resource type="XMLResource" name="Ersetzt_AG1-Bern-Burgerbibliothek-402.xml" skip="no" owner="exist-bot" group="cagb-nutzer" mode="770" created="2017-11-10T10:06:10.587+01:00" modified="2019-05-15T14:09:26.824+02:00" filename="Ersetzt_AG1-Bern-Burgerbibliothek-402.xml" mimetype="application/xml">
         <acl entries="0" version="1"/>
     </resource>
-    <resource type="XMLResource" name="Ersetzt_Vatikan-BAV-Ottoboniani-graeci-045.xml" skip="no" owner="exist-bot" group="cagb-nutzer" mode="770" created="2017-11-10T10:06:05+01:00" modified="2019-04-30T11:18:07+02:00" filename="Ersetzt_Vatikan-BAV-Ottoboniani-graeci-045.xml" mimetype="application/xml">
+    <resource type="XMLResource" name="Ersetzt_Vatikan-BAV-Ottoboniani-graeci-045.xml" skip="no" owner="exist-bot" group="cagb-nutzer" mode="770" created="2017-11-10T10:06:05.89+01:00" modified="2019-04-30T11:18:07.235+02:00" filename="Ersetzt_Vatikan-BAV-Ottoboniani-graeci-045.xml" mimetype="application/xml">
         <acl entries="0" version="1"/>
     </resource>
-    <resource type="XMLResource" name="Ersetzt_Wien-OENB-Phil-gr-231.xml" skip="no" owner="exist-bot" group="cagb-nutzer" mode="770" created="2018-06-12T13:10:10+02:00" modified="2020-01-06T18:01:54+01:00" filename="Ersetzt_Wien-OENB-Phil-gr-231.xml" mimetype="application/xml">
+    <resource type="XMLResource" name="Ersetzt_Wien-OENB-Phil-gr-231.xml" skip="no" owner="exist-bot" group="cagb-nutzer" mode="770" created="2018-06-12T13:10:10.483+02:00" modified="2020-01-06T18:01:54.411+01:00" filename="Ersetzt_Wien-OENB-Phil-gr-231.xml" mimetype="application/xml">
         <acl entries="0" version="1"/>
     </resource>
-    <resource type="XMLResource" name="Ersetzt_AG1-Basel-UB-O-III-6.xml" skip="no" owner="exist-bot" group="cagb-nutzer" mode="770" created="2017-11-10T10:06:10+01:00" modified="2019-01-23T10:41:28+01:00" filename="Ersetzt_AG1-Basel-UB-O-III-6.xml" mimetype="application/xml">
+    <resource type="XMLResource" name="Ersetzt_AG1-Basel-UB-O-III-6.xml" skip="no" owner="exist-bot" group="cagb-nutzer" mode="770" created="2017-11-10T10:06:10.5+01:00" modified="2019-01-23T10:41:28.181+01:00" filename="Ersetzt_AG1-Basel-UB-O-III-6.xml" mimetype="application/xml">
         <acl entries="0" version="1"/>
     </resource>
-    <resource type="XMLResource" name="AG1-BerlinDDR-Deutsche-Staatsbibliothek-Phillippici-graeci-1507.xml" skip="no" owner="exist-bot" group="cagb-nutzer" mode="770" created="2017-11-10T10:06:20+01:00" modified="2019-05-07T15:20:42+02:00" filename="AG1-BerlinDDR-Deutsche-Staatsbibliothek-Phillippici-graeci-1507.xml" mimetype="application/xml">
+    <resource type="XMLResource" name="AG1-BerlinDDR-Deutsche-Staatsbibliothek-Phillippici-graeci-1507.xml" skip="no" owner="exist-bot" group="cagb-nutzer" mode="770" created="2017-11-10T10:06:20.055+01:00" modified="2019-05-07T15:20:42.667+02:00" filename="AG1-BerlinDDR-Deutsche-Staatsbibliothek-Phillippici-graeci-1507.xml" mimetype="application/xml">
         <acl entries="0" version="1"/>
     </resource>
-    <resource type="XMLResource" name="Ersetzt_AG1-Florenz-BML-86-03.xml" skip="no" owner="exist-bot" group="cagb-nutzer" mode="770" created="2017-11-10T10:06:12+01:00" modified="2019-03-22T10:05:18+01:00" filename="Ersetzt_AG1-Florenz-BML-86-03.xml" mimetype="application/xml">
+    <resource type="XMLResource" name="Ersetzt_AG1-Florenz-BML-86-03.xml" skip="no" owner="exist-bot" group="cagb-nutzer" mode="770" created="2017-11-10T10:06:12.99+01:00" modified="2019-03-22T10:05:18+01:00" filename="Ersetzt_AG1-Florenz-BML-86-03.xml" mimetype="application/xml">
         <acl entries="0" version="1"/>
     </resource>
-    <resource type="XMLResource" name="Ersetzt_AG1-Florenz-BML-60-19.xml" skip="no" owner="exist-bot" group="cagb-nutzer" mode="770" created="2017-11-10T10:06:13+01:00" modified="2019-03-15T11:26:33+01:00" filename="Ersetzt_AG1-Florenz-BML-60-19.xml" mimetype="application/xml">
+    <resource type="XMLResource" name="Ersetzt_AG1-Florenz-BML-60-19.xml" skip="no" owner="exist-bot" group="cagb-nutzer" mode="770" created="2017-11-10T10:06:13.305+01:00" modified="2019-03-15T11:26:33.287+01:00" filename="Ersetzt_AG1-Florenz-BML-60-19.xml" mimetype="application/xml">
         <acl entries="0" version="1"/>
     </resource>
-    <resource type="XMLResource" name="Ersetzt_Mailand-BA-A-174-sup.xml" skip="no" owner="exist-bot" group="cagb-nutzer" mode="770" created="2017-11-10T10:06:12+01:00" modified="2019-04-10T17:03:14+02:00" filename="Ersetzt_Mailand-BA-A-174-sup.xml" mimetype="application/xml">
+    <resource type="XMLResource" name="Ersetzt_Mailand-BA-A-174-sup.xml" skip="no" owner="exist-bot" group="cagb-nutzer" mode="770" created="2017-11-10T10:06:12.002+01:00" modified="2019-04-10T17:03:14.692+02:00" filename="Ersetzt_Mailand-BA-A-174-sup.xml" mimetype="application/xml">
         <acl entries="0" version="1"/>
     </resource>
-    <resource type="XMLResource" name="Ersetzt_Venedig-BNM-Gr-200.xml" skip="no" owner="exist-bot" group="cagb-nutzer" mode="770" created="2017-11-10T10:06:10+01:00" modified="2019-12-19T16:53:04+01:00" filename="Ersetzt_Venedig-BNM-Gr-200.xml" mimetype="application/xml">
+    <resource type="XMLResource" name="Ersetzt_Venedig-BNM-Gr-200.xml" skip="no" owner="exist-bot" group="cagb-nutzer" mode="770" created="2017-11-10T10:06:10.694+01:00" modified="2019-12-19T16:53:04.784+01:00" filename="Ersetzt_Venedig-BNM-Gr-200.xml" mimetype="application/xml">
         <acl entries="0" version="1"/>
     </resource>
 </collection>
\ No newline at end of file
